TN:
SF:app\+html.tsx
FN:7,Root
FNF:1
FNH:0
FNDA:0,Root
DA:8,0
DA:30,0
LF:2
LH:0
BRF:0
BRH:0
end_of_record
TN:
SF:app\+not-found.tsx
FN:6,NotFoundScreen
FNF:1
FNH:0
FNDA:0,NotFoundScreen
DA:7,0
DA:21,0
LF:2
LH:0
BRF:0
BRH:0
end_of_record
TN:
SF:app\_layout.tsx
FN:32,(anonymous_0)
FN:46,AppInitializer
FN:57,(anonymous_2)
FN:84,(anonymous_3)
FN:88,(anonymous_4)
FN:93,(anonymous_5)
FN:103,(anonymous_6)
FN:106,(anonymous_7)
FN:112,(anonymous_8)
FN:138,(anonymous_9)
FN:199,RootLayout
FNF:11
FNH:0
FNDA:0,(anonymous_0)
FNDA:0,AppInitializer
FNDA:0,(anonymous_2)
FNDA:0,(anonymous_3)
FNDA:0,(anonymous_4)
FNDA:0,(anonymous_5)
FNDA:0,(anonymous_6)
FNDA:0,(anonymous_7)
FNDA:0,(anonymous_8)
FNDA:0,(anonymous_9)
FNDA:0,RootLayout
DA:32,0
DA:37,0
DA:47,0
DA:48,0
DA:49,0
DA:50,0
DA:51,0
DA:54,0
DA:55,0
DA:57,0
DA:58,0
DA:59,0
DA:60,0
DA:62,0
DA:65,0
DA:68,0
DA:71,0
DA:73,0
DA:75,0
DA:76,0
DA:80,0
DA:82,0
DA:84,0
DA:88,0
DA:89,0
DA:93,0
DA:94,0
DA:95,0
DA:103,0
DA:105,0
DA:107,0
DA:112,0
DA:113,0
DA:116,0
DA:117,0
DA:118,0
DA:119,0
DA:120,0
DA:121,0
DA:122,0
DA:123,0
DA:124,0
DA:125,0
DA:126,0
DA:127,0
DA:128,0
DA:129,0
DA:130,0
DA:131,0
DA:133,0
DA:134,0
DA:138,0
DA:140,0
DA:141,0
DA:145,0
DA:146,0
DA:182,0
DA:183,0
DA:191,0
DA:200,0
LF:60
LH:0
BRDA:94,0,0,0
BRDA:94,0,1,0
BRDA:94,1,0,0
BRDA:94,1,1,0
BRDA:116,2,0,0
BRDA:116,2,1,0
BRDA:119,3,0,0
BRDA:119,3,1,0
BRDA:122,4,0,0
BRDA:122,4,1,0
BRDA:125,5,0,0
BRDA:125,5,1,0
BRDA:128,6,0,0
BRDA:128,6,1,0
BRDA:131,7,0,0
BRDA:131,7,1,0
BRDA:131,8,0,0
BRDA:131,8,1,0
BRDA:145,9,0,0
BRDA:145,9,1,0
BRDA:164,10,0,0
BRDA:164,10,1,0
BRDA:182,11,0,0
BRDA:182,11,1,0
BRF:24
BRH:0
end_of_record
TN:
SF:app\affirmations.tsx
FN:74,AffirmationsScreen
FN:92,(anonymous_1)
FN:96,(anonymous_2)
FN:108,(anonymous_3)
FN:126,(anonymous_4)
FN:127,(anonymous_5)
FN:128,(anonymous_6)
FN:132,(anonymous_7)
FN:133,(anonymous_8)
FN:134,(anonymous_9)
FN:140,(anonymous_10)
FN:141,(anonymous_11)
FN:142,(anonymous_12)
FN:146,(anonymous_13)
FN:161,(anonymous_14)
FN:200,(anonymous_15)
FN:221,(anonymous_16)
FN:224,(anonymous_17)
FN:290,(anonymous_18)
FN:336,(anonymous_19)
FN:336,(anonymous_20)
FNF:21
FNH:0
FNDA:0,AffirmationsScreen
FNDA:0,(anonymous_1)
FNDA:0,(anonymous_2)
FNDA:0,(anonymous_3)
FNDA:0,(anonymous_4)
FNDA:0,(anonymous_5)
FNDA:0,(anonymous_6)
FNDA:0,(anonymous_7)
FNDA:0,(anonymous_8)
FNDA:0,(anonymous_9)
FNDA:0,(anonymous_10)
FNDA:0,(anonymous_11)
FNDA:0,(anonymous_12)
FNDA:0,(anonymous_13)
FNDA:0,(anonymous_14)
FNDA:0,(anonymous_15)
FNDA:0,(anonymous_16)
FNDA:0,(anonymous_17)
FNDA:0,(anonymous_18)
FNDA:0,(anonymous_19)
FNDA:0,(anonymous_20)
DA:21,0
DA:29,0
DA:66,0
DA:75,0
DA:76,0
DA:78,0
DA:79,0
DA:80,0
DA:83,0
DA:84,0
DA:87,0
DA:90,0
DA:92,0
DA:94,0
DA:96,0
DA:97,0
DA:109,0
DA:110,0
DA:111,0
DA:126,0
DA:127,0
DA:128,0
DA:132,0
DA:133,0
DA:134,0
DA:135,0
DA:140,0
DA:141,0
DA:142,0
DA:146,0
DA:147,0
DA:148,0
DA:152,0
DA:156,0
DA:161,0
DA:201,0
DA:202,0
DA:222,0
DA:225,0
DA:226,0
DA:290,0
DA:336,0
DA:337,0
LF:43
LH:0
BRDA:90,0,0,0
BRDA:90,0,1,0
BRDA:135,1,0,0
BRDA:135,1,1,0
BRDA:142,2,0,0
BRDA:142,2,1,0
BRDA:205,3,0,0
BRDA:205,3,1,0
BRDA:212,4,0,0
BRDA:212,4,1,0
BRDA:230,5,0,0
BRDA:230,5,1,0
BRDA:233,6,0,0
BRDA:233,6,1,0
BRDA:240,7,0,0
BRDA:240,7,1,0
BRDA:292,8,0,0
BRDA:292,8,1,0
BRDA:298,9,0,0
BRDA:298,9,1,0
BRDA:331,10,0,0
BRDA:331,10,1,0
BRF:22
BRH:0
end_of_record
TN:
SF:app\breathing.tsx
FN:75,BreathingScreen
FN:91,(anonymous_1)
FN:98,(anonymous_2)
FN:103,(anonymous_3)
FN:104,(anonymous_4)
FN:150,(anonymous_5)
FN:170,(anonymous_6)
FN:180,(anonymous_7)
FN:190,(anonymous_8)
FN:200,(anonymous_9)
FN:210,(anonymous_10)
FN:212,(anonymous_11)
FN:222,(anonymous_12)
FN:231,(anonymous_13)
FN:240,(anonymous_14)
FN:257,(anonymous_15)
FN:347,(anonymous_16)
FN:355,(anonymous_17)
FN:369,(anonymous_18)
FN:391,(anonymous_19)
FN:394,(anonymous_20)
FNF:21
FNH:0
FNDA:0,BreathingScreen
FNDA:0,(anonymous_1)
FNDA:0,(anonymous_2)
FNDA:0,(anonymous_3)
FNDA:0,(anonymous_4)
FNDA:0,(anonymous_5)
FNDA:0,(anonymous_6)
FNDA:0,(anonymous_7)
FNDA:0,(anonymous_8)
FNDA:0,(anonymous_9)
FNDA:0,(anonymous_10)
FNDA:0,(anonymous_11)
FNDA:0,(anonymous_12)
FNDA:0,(anonymous_13)
FNDA:0,(anonymous_14)
FNDA:0,(anonymous_15)
FNDA:0,(anonymous_16)
FNDA:0,(anonymous_17)
FNDA:0,(anonymous_18)
FNDA:0,(anonymous_19)
FNDA:0,(anonymous_20)
DA:32,0
DA:76,0
DA:77,0
DA:78,0
DA:79,0
DA:80,0
DA:81,0
DA:84,0
DA:85,0
DA:86,0
DA:89,0
DA:91,0
DA:92,0
DA:95,0
DA:96,0
DA:98,0
DA:99,0
DA:100,0
DA:103,0
DA:104,0
DA:105,0
DA:106,0
DA:107,0
DA:109,0
DA:111,0
DA:116,0
DA:117,0
DA:130,0
DA:131,0
DA:147,0
DA:150,0
DA:151,0
DA:152,0
DA:153,0
DA:154,0
DA:155,0
DA:158,0
DA:161,0
DA:162,0
DA:165,0
DA:166,0
DA:169,0
DA:170,0
DA:171,0
DA:172,0
DA:174,0
DA:176,0
DA:180,0
DA:181,0
DA:182,0
DA:184,0
DA:186,0
DA:189,0
DA:190,0
DA:191,0
DA:192,0
DA:194,0
DA:196,0
DA:200,0
DA:201,0
DA:202,0
DA:204,0
DA:208,0
DA:210,0
DA:212,0
DA:213,0
DA:214,0
DA:216,0
DA:217,0
DA:222,0
DA:223,0
DA:224,0
DA:225,0
DA:226,0
DA:227,0
DA:228,0
DA:231,0
DA:232,0
DA:233,0
DA:234,0
DA:235,0
DA:236,0
DA:237,0
DA:240,0
DA:241,0
DA:243,0
DA:245,0
DA:247,0
DA:249,0
DA:251,0
DA:253,0
DA:257,0
DA:258,0
DA:260,0
DA:263,0
DA:265,0
DA:267,0
DA:269,0
DA:274,0
DA:275,0
DA:325,0
DA:326,0
DA:348,0
DA:349,0
DA:355,0
DA:364,0
DA:369,0
DA:392,0
DA:394,0
LF:109
LH:0
BRDA:92,0,0,0
BRDA:92,0,1,0
BRDA:92,1,0,0
BRDA:92,1,1,0
BRDA:105,2,0,0
BRDA:105,2,1,0
BRDA:106,3,0,0
BRDA:106,3,1,0
BRDA:116,4,0,0
BRDA:116,4,1,0
BRDA:130,5,0,0
BRDA:130,5,1,0
BRDA:151,6,0,0
BRDA:151,6,1,0
BRDA:169,7,0,0
BRDA:169,7,1,0
BRDA:171,8,0,0
BRDA:171,8,1,0
BRDA:181,9,0,0
BRDA:181,9,1,0
BRDA:189,10,0,0
BRDA:189,10,1,0
BRDA:191,11,0,0
BRDA:191,11,1,0
BRDA:201,12,0,0
BRDA:201,12,1,0
BRDA:213,13,0,0
BRDA:213,13,1,0
BRDA:216,14,0,0
BRDA:216,14,1,0
BRDA:241,15,0,0
BRDA:241,15,1,0
BRDA:241,15,2,0
BRDA:241,15,3,0
BRDA:241,15,4,0
BRDA:241,15,5,0
BRDA:258,16,0,0
BRDA:258,16,1,0
BRDA:258,16,2,0
BRDA:258,16,3,0
BRDA:258,16,4,0
BRDA:258,16,5,0
BRDA:274,17,0,0
BRDA:274,17,1,0
BRDA:274,18,0,0
BRDA:274,18,1,0
BRDA:325,19,0,0
BRDA:325,19,1,0
BRDA:325,20,0,0
BRDA:325,20,1,0
BRDA:411,21,0,0
BRDA:411,21,1,0
BRDA:413,22,0,0
BRDA:413,22,1,0
BRF:54
BRH:0
end_of_record
TN:
SF:app\checkin.tsx
FN:37,CheckinScreen
FN:51,(anonymous_1)
FN:66,(anonymous_2)
FN:74,(anonymous_3)
FN:81,(anonymous_4)
FN:87,(anonymous_5)
FN:97,(anonymous_6)
FN:175,(anonymous_7)
FN:233,(anonymous_8)
FN:247,(anonymous_9)
FNF:10
FNH:0
FNDA:0,CheckinScreen
FNDA:0,(anonymous_1)
FNDA:0,(anonymous_2)
FNDA:0,(anonymous_3)
FNDA:0,(anonymous_4)
FNDA:0,(anonymous_5)
FNDA:0,(anonymous_6)
FNDA:0,(anonymous_7)
FNDA:0,(anonymous_8)
FNDA:0,(anonymous_9)
DA:21,0
DA:29,0
DA:38,0
DA:39,0
DA:41,0
DA:42,0
DA:43,0
DA:44,0
DA:45,0
DA:48,0
DA:49,0
DA:51,0
DA:52,0
DA:66,0
DA:67,0
DA:68,0
DA:69,0
DA:70,0
DA:71,0
DA:74,0
DA:75,0
DA:76,0
DA:77,0
DA:78,0
DA:81,0
DA:82,0
DA:83,0
DA:84,0
DA:87,0
DA:88,0
DA:89,0
DA:90,0
DA:91,0
DA:93,0
DA:97,0
DA:98,0
DA:99,0
DA:100,0
DA:101,0
DA:103,0
DA:105,0
DA:109,0
DA:176,0
DA:234,0
DA:247,0
LF:45
LH:0
BRDA:41,0,0,0
BRDA:41,0,1,0
BRDA:42,1,0,0
BRDA:42,1,1,0
BRDA:67,2,0,0
BRDA:67,2,1,0
BRDA:68,3,0,0
BRDA:68,3,1,0
BRDA:69,4,0,0
BRDA:69,4,1,0
BRDA:70,5,0,0
BRDA:70,5,1,0
BRDA:75,6,0,0
BRDA:75,6,1,0
BRDA:76,7,0,0
BRDA:76,7,1,0
BRDA:77,8,0,0
BRDA:77,8,1,0
BRDA:88,9,0,0
BRDA:88,9,1,0
BRDA:100,10,0,0
BRDA:100,10,1,0
BRDA:112,11,0,0
BRDA:112,11,1,0
BRDA:126,12,0,0
BRDA:126,12,1,0
BRDA:142,13,0,0
BRDA:142,13,1,0
BRDA:186,14,0,0
BRDA:186,14,1,0
BRDA:210,15,0,0
BRDA:210,15,1,0
BRDA:212,16,0,0
BRDA:212,16,1,0
BRDA:214,17,0,0
BRDA:214,17,1,0
BRDA:216,18,0,0
BRDA:216,18,1,0
BRDA:241,19,0,0
BRDA:241,19,1,0
BRDA:261,20,0,0
BRDA:261,20,1,0
BRDA:314,21,0,0
BRDA:314,21,1,0
BRDA:318,22,0,0
BRDA:318,22,1,0
BRF:46
BRH:0
end_of_record
TN:
SF:app\coping.tsx
FN:241,StrategyCard
FN:282,(anonymous_1)
FN:296,CopingScreen
FN:304,(anonymous_3)
FN:312,(anonymous_4)
FN:331,(anonymous_5)
FN:345,(anonymous_6)
FN:348,(anonymous_7)
FN:373,(anonymous_8)
FN:383,(anonymous_9)
FN:393,(anonymous_10)
FN:410,(anonymous_11)
FN:415,(anonymous_12)
FNF:13
FNH:0
FNDA:0,StrategyCard
FNDA:0,(anonymous_1)
FNDA:0,CopingScreen
FNDA:0,(anonymous_3)
FNDA:0,(anonymous_4)
FNDA:0,(anonymous_5)
FNDA:0,(anonymous_6)
FNDA:0,(anonymous_7)
FNDA:0,(anonymous_8)
FNDA:0,(anonymous_9)
FNDA:0,(anonymous_10)
FNDA:0,(anonymous_11)
FNDA:0,(anonymous_12)
DA:24,0
DA:233,0
DA:250,0
DA:252,0
DA:283,0
DA:297,0
DA:298,0
DA:299,0
DA:301,0
DA:303,0
DA:304,0
DA:307,0
DA:312,0
DA:331,0
DA:346,0
DA:348,0
DA:373,0
DA:383,0
DA:393,0
DA:411,0
DA:415,0
LF:21
LH:0
BRDA:258,0,0,0
BRDA:258,0,1,0
BRDA:271,1,0,0
BRDA:271,1,1,0
BRDA:277,2,0,0
BRDA:277,2,1,0
BRDA:303,3,0,0
BRDA:303,3,1,0
BRDA:333,4,0,0
BRDA:333,4,1,0
BRDA:340,5,0,0
BRDA:340,5,1,0
BRDA:350,6,0,0
BRDA:350,6,1,0
BRDA:360,7,0,0
BRDA:360,7,1,0
BRDA:362,8,0,0
BRDA:362,8,1,0
BRDA:416,9,0,0
BRDA:416,9,1,0
BRF:20
BRH:0
end_of_record
TN:
SF:app\emergency.tsx
FN:27,HotlineCard
FN:64,EmergencyScreen
FN:72,(anonymous_2)
FN:85,(anonymous_3)
FN:99,(anonymous_4)
FN:105,(anonymous_5)
FN:109,(anonymous_6)
FN:111,(anonymous_7)
FN:122,(anonymous_8)
FN:156,(anonymous_9)
FN:160,(anonymous_10)
FN:171,(anonymous_11)
FN:196,(anonymous_12)
FN:205,(anonymous_13)
FNF:14
FNH:0
FNDA:0,HotlineCard
FNDA:0,EmergencyScreen
FNDA:0,(anonymous_2)
FNDA:0,(anonymous_3)
FNDA:0,(anonymous_4)
FNDA:0,(anonymous_5)
FNDA:0,(anonymous_6)
FNDA:0,(anonymous_7)
FNDA:0,(anonymous_8)
FNDA:0,(anonymous_9)
FNDA:0,(anonymous_10)
FNDA:0,(anonymous_11)
FNDA:0,(anonymous_12)
FNDA:0,(anonymous_13)
DA:34,0
DA:65,0
DA:66,0
DA:68,0
DA:69,0
DA:70,0
DA:72,0
DA:73,0
DA:76,0
DA:77,0
DA:85,0
DA:89,0
DA:92,0
DA:99,0
DA:105,0
DA:106,0
DA:109,0
DA:111,0
DA:117,0
DA:122,0
DA:157,0
DA:160,0
DA:172,0
DA:196,0
DA:205,0
LF:25
LH:0
BRDA:68,0,0,0
BRDA:68,0,1,0
BRDA:76,1,0,0
BRDA:76,1,1,0
BRDA:112,2,0,0
BRDA:112,2,1,0
BRDA:174,3,0,0
BRDA:174,3,1,0
BRF:8
BRH:0
end_of_record
TN:
SF:app\entry.tsx
FN:9,AppEntry
FNF:1
FNH:0
FNDA:0,AppEntry
DA:10,0
LF:1
LH:0
BRF:0
BRH:0
end_of_record
TN:
SF:app\grounding.tsx
FN:65,GroundingStepCard
FN:78,(anonymous_1)
FN:125,(anonymous_2)
FN:145,(anonymous_3)
FN:172,GroundingScreen
FN:177,(anonymous_5)
FN:180,(anonymous_6)
FN:191,(anonymous_7)
FN:222,(anonymous_8)
FN:237,(anonymous_9)
FN:243,(anonymous_10)
FN:260,(anonymous_11)
FN:268,(anonymous_12)
FNF:13
FNH:0
FNDA:0,GroundingStepCard
FNDA:0,(anonymous_1)
FNDA:0,(anonymous_2)
FNDA:0,(anonymous_3)
FNDA:0,GroundingScreen
FNDA:0,(anonymous_5)
FNDA:0,(anonymous_6)
FNDA:0,(anonymous_7)
FNDA:0,(anonymous_8)
FNDA:0,(anonymous_9)
FNDA:0,(anonymous_10)
FNDA:0,(anonymous_11)
FNDA:0,(anonymous_12)
DA:22,0
DA:76,0
DA:78,0
DA:79,0
DA:80,0
DA:81,0
DA:82,0
DA:87,0
DA:126,0
DA:146,0
DA:173,0
DA:174,0
DA:175,0
DA:177,0
DA:178,0
DA:179,0
DA:180,0
DA:184,0
DA:186,0
DA:191,0
DA:223,0
DA:238,0
DA:243,0
DA:261,0
DA:262,0
DA:268,0
LF:26
LH:0
BRDA:79,0,0,0
BRDA:79,0,1,0
BRDA:81,1,0,0
BRDA:81,1,1,0
BRDA:90,2,0,0
BRDA:90,2,1,0
BRDA:92,3,0,0
BRDA:92,3,1,0
BRDA:113,4,0,0
BRDA:113,4,1,0
BRDA:122,5,0,0
BRDA:122,5,1,0
BRDA:122,5,2,0
BRDA:129,6,0,0
BRDA:129,6,1,0
BRDA:141,7,0,0
BRDA:141,7,1,0
BRDA:141,7,2,0
BRDA:155,8,0,0
BRDA:155,8,1,0
BRDA:155,8,2,0
BRDA:179,9,0,0
BRDA:179,9,1,0
BRDA:227,10,0,0
BRDA:227,10,1,0
BRDA:248,11,0,0
BRDA:248,11,1,0
BRF:27
BRH:0
end_of_record
TN:
SF:app\mindfulness.tsx
FN:125,BreathingCircle
FN:129,(anonymous_1)
FN:135,(anonymous_2)
FN:142,(anonymous_3)
FN:145,(anonymous_4)
FN:152,(anonymous_5)
FN:163,(anonymous_6)
FN:186,ExerciseCard
FN:200,(anonymous_8)
FN:207,(anonymous_9)
FN:212,(anonymous_10)
FN:221,(anonymous_11)
FN:277,(anonymous_12)
FN:323,MindfulnessScreen
FN:328,(anonymous_14)
FN:332,(anonymous_15)
FN:342,(anonymous_16)
FN:376,(anonymous_17)
FN:381,(anonymous_18)
FN:382,(anonymous_19)
FNF:20
FNH:0
FNDA:0,BreathingCircle
FNDA:0,(anonymous_1)
FNDA:0,(anonymous_2)
FNDA:0,(anonymous_3)
FNDA:0,(anonymous_4)
FNDA:0,(anonymous_5)
FNDA:0,(anonymous_6)
FNDA:0,ExerciseCard
FNDA:0,(anonymous_8)
FNDA:0,(anonymous_9)
FNDA:0,(anonymous_10)
FNDA:0,(anonymous_11)
FNDA:0,(anonymous_12)
FNDA:0,MindfulnessScreen
FNDA:0,(anonymous_14)
FNDA:0,(anonymous_15)
FNDA:0,(anonymous_16)
FNDA:0,(anonymous_17)
FNDA:0,(anonymous_18)
FNDA:0,(anonymous_19)
DA:25,0
DA:126,0
DA:127,0
DA:129,0
DA:130,0
DA:131,0
DA:132,0
DA:135,0
DA:137,0
DA:138,0
DA:144,0
DA:145,0
DA:147,0
DA:148,0
DA:153,0
DA:154,0
DA:161,0
DA:163,0
DA:164,0
DA:168,0
DA:197,0
DA:198,0
DA:200,0
DA:201,0
DA:202,0
DA:203,0
DA:207,0
DA:208,0
DA:209,0
DA:212,0
DA:213,0
DA:214,0
DA:216,0
DA:217,0
DA:221,0
DA:222,0
DA:223,0
DA:227,0
DA:278,0
DA:324,0
DA:325,0
DA:326,0
DA:328,0
DA:329,0
DA:332,0
DA:333,0
DA:334,0
DA:337,0
DA:342,0
DA:377,0
DA:381,0
DA:382,0
LF:52
LH:0
BRDA:130,0,0,0
BRDA:130,0,1,0
BRDA:153,1,0,0
BRDA:153,1,1,0
BRDA:178,2,0,0
BRDA:178,2,1,0
BRDA:178,3,0,0
BRDA:178,3,1,0
BRDA:201,4,0,0
BRDA:201,4,1,0
BRDA:213,5,0,0
BRDA:213,5,1,0
BRDA:222,6,0,0
BRDA:222,6,1,0
BRDA:229,7,0,0
BRDA:229,7,1,0
BRDA:235,8,0,0
BRDA:235,8,1,0
BRDA:249,9,0,0
BRDA:249,9,1,0
BRDA:257,10,0,0
BRDA:257,10,1,0
BRDA:259,11,0,0
BRDA:259,11,1,0
BRDA:271,12,0,0
BRDA:271,12,1,0
BRDA:271,12,2,0
BRDA:281,13,0,0
BRDA:281,13,1,0
BRDA:308,14,0,0
BRDA:308,14,1,0
BRDA:310,15,0,0
BRDA:310,15,1,0
BRDA:367,16,0,0
BRDA:367,16,1,0
BRDA:387,17,0,0
BRDA:387,17,1,0
BRF:37
BRH:0
end_of_record
TN:
SF:app\modal.tsx
FN:7,ModalScreen
FNF:1
FNH:0
FNDA:0,ModalScreen
DA:8,0
DA:20,0
LF:2
LH:0
BRDA:15,0,0,0
BRDA:15,0,1,0
BRF:2
BRH:0
end_of_record
TN:
SF:app\relapse.tsx
FN:28,RelapseScreen
FN:43,(anonymous_1)
FN:55,(anonymous_2)
FN:73,(anonymous_3)
FN:77,(anonymous_4)
FN:81,(anonymous_5)
FN:85,(anonymous_6)
FN:91,(anonymous_7)
FN:130,(anonymous_8)
FN:139,(anonymous_9)
FN:239,(anonymous_10)
FN:242,(anonymous_11)
FN:242,(anonymous_12)
FN:289,(anonymous_13)
FN:292,(anonymous_14)
FN:292,(anonymous_15)
FN:352,(anonymous_16)
FN:462,(anonymous_17)
FNF:18
FNH:0
FNDA:0,RelapseScreen
FNDA:0,(anonymous_1)
FNDA:0,(anonymous_2)
FNDA:0,(anonymous_3)
FNDA:0,(anonymous_4)
FNDA:0,(anonymous_5)
FNDA:0,(anonymous_6)
FNDA:0,(anonymous_7)
FNDA:0,(anonymous_8)
FNDA:0,(anonymous_9)
FNDA:0,(anonymous_10)
FNDA:0,(anonymous_11)
FNDA:0,(anonymous_12)
FNDA:0,(anonymous_13)
FNDA:0,(anonymous_14)
FNDA:0,(anonymous_15)
FNDA:0,(anonymous_16)
FNDA:0,(anonymous_17)
DA:29,0
DA:30,0
DA:31,0
DA:33,0
DA:34,0
DA:35,0
DA:36,0
DA:37,0
DA:40,0
DA:41,0
DA:43,0
DA:44,0
DA:56,0
DA:57,0
DA:58,0
DA:73,0
DA:74,0
DA:75,0
DA:76,0
DA:77,0
DA:81,0
DA:82,0
DA:83,0
DA:84,0
DA:85,0
DA:87,0
DA:91,0
DA:92,0
DA:94,0
DA:95,0
DA:96,0
DA:97,0
DA:100,0
DA:103,0
DA:106,0
DA:111,0
DA:118,0
DA:119,0
DA:121,0
DA:127,0
DA:130,0
DA:132,0
DA:133,0
DA:135,0
DA:139,0
DA:140,0
DA:142,0
DA:184,0
DA:213,0
DA:240,0
DA:242,0
DA:243,0
DA:257,0
DA:290,0
DA:292,0
DA:293,0
DA:307,0
DA:352,0
DA:353,0
DA:354,0
DA:357,0
DA:359,0
DA:462,0
LF:63
LH:0
BRDA:76,0,0,0
BRDA:76,0,1,0
BRDA:84,1,0,0
BRDA:84,1,1,0
BRDA:100,2,0,0
BRDA:100,2,1,0
BRDA:103,3,0,0
BRDA:103,3,1,0
BRDA:106,4,0,0
BRDA:106,4,1,0
BRDA:140,5,0,0
BRDA:140,5,1,0
BRDA:140,5,2,0
BRDA:140,5,3,0
BRDA:140,5,4,0
BRDA:243,6,0,0
BRDA:243,6,1,0
BRDA:293,7,0,0
BRDA:293,7,1,0
BRDA:362,8,0,0
BRDA:362,8,1,0
BRDA:366,9,0,0
BRDA:366,9,1,0
BRDA:371,10,0,0
BRDA:371,10,1,0
BRDA:375,11,0,0
BRDA:375,11,1,0
BRDA:381,12,0,0
BRDA:381,12,1,0
BRDA:410,13,0,0
BRDA:410,13,1,0
BRDA:418,14,0,0
BRDA:418,14,1,0
BRDA:434,15,0,0
BRDA:434,15,1,0
BRDA:450,16,0,0
BRDA:450,16,1,0
BRDA:452,17,0,0
BRDA:452,17,1,0
BRDA:459,18,0,0
BRDA:459,18,1,0
BRF:41
BRH:0
end_of_record
TN:
SF:app\report.tsx
FN:38,ReportScreen
FN:47,(anonymous_1)
FN:51,(anonymous_2)
FN:60,(anonymous_3)
FN:66,(anonymous_4)
FN:72,(anonymous_5)
FN:73,(anonymous_6)
FN:73,(anonymous_7)
FN:76,(anonymous_8)
FN:79,(anonymous_9)
FN:88,(anonymous_10)
FN:91,(anonymous_11)
FN:99,(anonymous_12)
FN:102,(anonymous_13)
FN:110,(anonymous_14)
FN:111,(anonymous_15)
FN:117,(anonymous_16)
FN:119,(anonymous_17)
FN:170,(anonymous_18)
FN:193,(anonymous_19)
FN:199,(anonymous_20)
FN:219,(anonymous_21)
FN:315,(anonymous_22)
FN:347,(anonymous_23)
FN:373,(anonymous_24)
FNF:25
FNH:0
FNDA:0,ReportScreen
FNDA:0,(anonymous_1)
FNDA:0,(anonymous_2)
FNDA:0,(anonymous_3)
FNDA:0,(anonymous_4)
FNDA:0,(anonymous_5)
FNDA:0,(anonymous_6)
FNDA:0,(anonymous_7)
FNDA:0,(anonymous_8)
FNDA:0,(anonymous_9)
FNDA:0,(anonymous_10)
FNDA:0,(anonymous_11)
FNDA:0,(anonymous_12)
FNDA:0,(anonymous_13)
FNDA:0,(anonymous_14)
FNDA:0,(anonymous_15)
FNDA:0,(anonymous_16)
FNDA:0,(anonymous_17)
FNDA:0,(anonymous_18)
FNDA:0,(anonymous_19)
FNDA:0,(anonymous_20)
FNDA:0,(anonymous_21)
FNDA:0,(anonymous_22)
FNDA:0,(anonymous_23)
FNDA:0,(anonymous_24)
DA:39,0
DA:40,0
DA:41,0
DA:42,0
DA:44,0
DA:45,0
DA:47,0
DA:48,0
DA:51,0
DA:52,0
DA:54,0
DA:55,0
DA:56,0
DA:57,0
DA:60,0
DA:61,0
DA:62,0
DA:66,0
DA:67,0
DA:68,0
DA:72,0
DA:73,0
DA:75,0
DA:76,0
DA:78,0
DA:79,0
DA:83,0
DA:84,0
DA:85,0
DA:87,0
DA:88,0
DA:90,0
DA:91,0
DA:95,0
DA:98,0
DA:99,0
DA:101,0
DA:102,0
DA:106,0
DA:110,0
DA:111,0
DA:112,0
DA:113,0
DA:116,0
DA:117,0
DA:119,0
DA:122,0
DA:123,0
DA:125,0
DA:126,0
DA:128,0
DA:129,0
DA:131,0
DA:132,0
DA:134,0
DA:135,0
DA:137,0
DA:138,0
DA:141,0
DA:142,0
DA:144,0
DA:145,0
DA:147,0
DA:148,0
DA:151,0
DA:167,0
DA:170,0
DA:171,0
DA:173,0
DA:186,0
DA:187,0
DA:189,0
DA:193,0
DA:194,0
DA:195,0
DA:196,0
DA:199,0
DA:200,0
DA:201,0
DA:202,0
DA:205,0
DA:206,0
DA:214,0
DA:219,0
DA:316,0
DA:348,0
DA:374,0
LF:87
LH:0
BRDA:62,0,0,0
BRDA:62,0,1,0
BRDA:68,1,0,0
BRDA:68,1,1,0
BRDA:75,2,0,0
BRDA:75,2,1,0
BRDA:78,3,0,0
BRDA:78,3,1,0
BRDA:87,4,0,0
BRDA:87,4,1,0
BRDA:90,5,0,0
BRDA:90,5,1,0
BRDA:95,6,0,0
BRDA:95,6,1,0
BRDA:96,7,0,0
BRDA:96,7,1,0
BRDA:98,8,0,0
BRDA:98,8,1,0
BRDA:101,9,0,0
BRDA:101,9,1,0
BRDA:106,10,0,0
BRDA:106,10,1,0
BRDA:107,11,0,0
BRDA:107,11,1,0
BRDA:112,12,0,0
BRDA:112,12,1,0
BRDA:125,13,0,0
BRDA:125,13,1,0
BRDA:128,14,0,0
BRDA:128,14,1,0
BRDA:131,15,0,0
BRDA:131,15,1,0
BRDA:134,16,0,0
BRDA:134,16,1,0
BRDA:137,17,0,0
BRDA:137,17,1,0
BRDA:137,18,0,0
BRDA:137,18,1,0
BRDA:141,19,0,0
BRDA:141,19,1,0
BRDA:144,20,0,0
BRDA:144,20,1,0
BRDA:144,21,0,0
BRDA:144,21,1,0
BRDA:147,22,0,0
BRDA:147,22,1,0
BRDA:171,23,0,0
BRDA:171,23,1,0
BRDA:193,24,0,0
BRDA:194,25,0,0
BRDA:194,25,1,0
BRDA:194,26,0,0
BRDA:194,26,1,0
BRDA:195,27,0,0
BRDA:195,27,1,0
BRDA:195,28,0,0
BRDA:195,28,1,0
BRDA:199,29,0,0
BRDA:200,30,0,0
BRDA:200,30,1,0
BRDA:200,31,0,0
BRDA:200,31,1,0
BRDA:201,32,0,0
BRDA:201,32,1,0
BRDA:201,33,0,0
BRDA:201,33,1,0
BRDA:205,34,0,0
BRDA:205,34,1,0
BRDA:205,35,0,0
BRDA:205,35,1,0
BRDA:245,36,0,0
BRDA:245,36,1,0
BRDA:245,36,2,0
BRDA:288,37,0,0
BRDA:288,37,1,0
BRDA:289,38,0,0
BRDA:289,38,1,0
BRDA:301,39,0,0
BRDA:301,39,1,0
BRDA:302,40,0,0
BRDA:302,40,1,0
BRDA:309,41,0,0
BRDA:309,41,1,0
BRDA:319,42,0,0
BRDA:319,42,1,0
BRDA:326,43,0,0
BRDA:326,43,1,0
BRDA:331,44,0,0
BRDA:331,44,1,0
BRDA:341,45,0,0
BRDA:341,45,1,0
BRDA:351,46,0,0
BRDA:351,46,1,0
BRDA:367,47,0,0
BRDA:367,47,1,0
BRDA:377,48,0,0
BRDA:377,48,1,0
BRF:97
BRH:0
end_of_record
TN:
SF:app\sponsor-connection.tsx
FN:36,TabSelector
FN:46,(anonymous_1)
FN:60,(anonymous_2)
FN:78,SponseeView
FN:91,(anonymous_4)
FN:95,(anonymous_5)
FN:102,(anonymous_6)
FN:118,(anonymous_7)
FN:129,(anonymous_8)
FN:138,(anonymous_9)
FN:147,(anonymous_10)
FN:151,(anonymous_11)
FN:157,(anonymous_12)
FN:287,(anonymous_13)
FN:309,SponsorView
FN:315,(anonymous_15)
FN:319,(anonymous_16)
FN:326,(anonymous_17)
FN:350,(anonymous_18)
FN:359,(anonymous_19)
FN:388,(anonymous_20)
FN:394,(anonymous_21)
FN:411,(anonymous_22)
FN:417,(anonymous_23)
FN:453,(anonymous_24)
FN:472,(anonymous_25)
FN:499,SponsorConnectionScreen
FN:508,(anonymous_27)
FNF:28
FNH:0
FNDA:0,TabSelector
FNDA:0,(anonymous_1)
FNDA:0,(anonymous_2)
FNDA:0,SponseeView
FNDA:0,(anonymous_4)
FNDA:0,(anonymous_5)
FNDA:0,(anonymous_6)
FNDA:0,(anonymous_7)
FNDA:0,(anonymous_8)
FNDA:0,(anonymous_9)
FNDA:0,(anonymous_10)
FNDA:0,(anonymous_11)
FNDA:0,(anonymous_12)
FNDA:0,(anonymous_13)
FNDA:0,SponsorView
FNDA:0,(anonymous_15)
FNDA:0,(anonymous_16)
FNDA:0,(anonymous_17)
FNDA:0,(anonymous_18)
FNDA:0,(anonymous_19)
FNDA:0,(anonymous_20)
FNDA:0,(anonymous_21)
FNDA:0,(anonymous_22)
FNDA:0,(anonymous_23)
FNDA:0,(anonymous_24)
FNDA:0,(anonymous_25)
FNDA:0,SponsorConnectionScreen
FNDA:0,(anonymous_27)
DA:43,0
DA:46,0
DA:60,0
DA:79,0
DA:80,0
DA:81,0
DA:82,0
DA:84,0
DA:85,0
DA:86,0
DA:87,0
DA:88,0
DA:91,0
DA:92,0
DA:95,0
DA:96,0
DA:97,0
DA:98,0
DA:99,0
DA:102,0
DA:103,0
DA:104,0
DA:105,0
DA:106,0
DA:107,0
DA:112,0
DA:114,0
DA:118,0
DA:119,0
DA:121,0
DA:122,0
DA:123,0
DA:125,0
DA:129,0
DA:130,0
DA:139,0
DA:140,0
DA:147,0
DA:148,0
DA:149,0
DA:151,0
DA:154,0
DA:155,0
DA:156,0
DA:157,0
DA:161,0
DA:163,0
DA:180,0
DA:182,0
DA:187,0
DA:188,0
DA:191,0
DA:195,0
DA:196,0
DA:203,0
DA:288,0
DA:310,0
DA:311,0
DA:312,0
DA:313,0
DA:315,0
DA:316,0
DA:319,0
DA:320,0
DA:321,0
DA:322,0
DA:323,0
DA:326,0
DA:327,0
DA:328,0
DA:329,0
DA:332,0
DA:334,0
DA:335,0
DA:336,0
DA:339,0
DA:340,0
DA:341,0
DA:342,0
DA:343,0
DA:344,0
DA:346,0
DA:350,0
DA:351,0
DA:360,0
DA:361,0
DA:368,0
DA:369,0
DA:376,0
DA:389,0
DA:394,0
DA:412,0
DA:417,0
DA:454,0
DA:472,0
DA:500,0
DA:501,0
DA:503,0
DA:508,0
LF:99
LH:0
BRDA:48,0,0,0
BRDA:48,0,1,0
BRDA:54,1,0,0
BRDA:54,1,1,0
BRDA:62,2,0,0
BRDA:62,2,1,0
BRDA:68,3,0,0
BRDA:68,3,1,0
BRDA:119,4,0,0
BRDA:119,4,1,0
BRDA:151,5,0,0
BRDA:151,5,1,0
BRDA:167,6,0,0
BRDA:167,6,1,0
BRDA:175,7,0,0
BRDA:175,7,1,0
BRDA:176,8,0,0
BRDA:176,8,1,0
BRDA:187,9,0,0
BRDA:187,9,1,0
BRDA:195,10,0,0
BRDA:195,10,1,0
BRDA:206,11,0,0
BRDA:206,11,1,0
BRDA:239,12,0,0
BRDA:239,12,1,0
BRDA:239,13,0,0
BRDA:239,13,1,0
BRDA:266,14,0,0
BRDA:266,14,1,0
BRDA:298,15,0,0
BRDA:298,15,1,0
BRDA:327,16,0,0
BRDA:327,16,1,0
BRDA:327,17,0,0
BRDA:327,17,1,0
BRDA:334,18,0,0
BRDA:334,18,1,0
BRDA:368,19,0,0
BRDA:368,19,1,0
BRDA:394,20,0,0
BRDA:394,20,1,0
BRDA:402,21,0,0
BRDA:402,21,1,0
BRDA:403,22,0,0
BRDA:403,22,1,0
BRDA:417,23,0,0
BRDA:417,23,1,0
BRDA:425,24,0,0
BRDA:425,24,1,0
BRDA:426,25,0,0
BRDA:426,25,1,0
BRDA:435,26,0,0
BRDA:435,26,1,0
BRDA:443,27,0,0
BRDA:443,27,1,0
BRDA:536,28,0,0
BRDA:536,28,1,0
BRF:58
BRH:0
end_of_record
TN:
SF:app\timer.tsx
FN:31,TimerScreen
FN:44,(anonymous_1)
FN:45,(anonymous_2)
FN:62,(anonymous_3)
FN:68,(anonymous_4)
FN:70,(anonymous_5)
FN:71,(anonymous_6)
FN:81,(anonymous_7)
FN:89,(anonymous_8)
FN:92,(anonymous_9)
FN:96,(anonymous_10)
FN:100,(anonymous_11)
FN:109,(anonymous_12)
FN:116,(anonymous_13)
FN:123,(anonymous_14)
FN:132,(anonymous_15)
FN:140,(anonymous_16)
FN:153,(anonymous_17)
FN:236,(anonymous_18)
FN:239,(anonymous_19)
FN:273,(anonymous_20)
FN:309,(anonymous_21)
FNF:22
FNH:0
FNDA:0,TimerScreen
FNDA:0,(anonymous_1)
FNDA:0,(anonymous_2)
FNDA:0,(anonymous_3)
FNDA:0,(anonymous_4)
FNDA:0,(anonymous_5)
FNDA:0,(anonymous_6)
FNDA:0,(anonymous_7)
FNDA:0,(anonymous_8)
FNDA:0,(anonymous_9)
FNDA:0,(anonymous_10)
FNDA:0,(anonymous_11)
FNDA:0,(anonymous_12)
FNDA:0,(anonymous_13)
FNDA:0,(anonymous_14)
FNDA:0,(anonymous_15)
FNDA:0,(anonymous_16)
FNDA:0,(anonymous_17)
FNDA:0,(anonymous_18)
FNDA:0,(anonymous_19)
FNDA:0,(anonymous_20)
FNDA:0,(anonymous_21)
DA:13,0
DA:20,0
DA:32,0
DA:33,0
DA:34,0
DA:35,0
DA:36,0
DA:37,0
DA:39,0
DA:40,0
DA:41,0
DA:44,0
DA:45,0
DA:46,0
DA:52,0
DA:53,0
DA:54,0
DA:55,0
DA:56,0
DA:59,0
DA:62,0
DA:63,0
DA:68,0
DA:69,0
DA:70,0
DA:71,0
DA:72,0
DA:73,0
DA:74,0
DA:76,0
DA:81,0
DA:82,0
DA:83,0
DA:89,0
DA:90,0
DA:91,0
DA:92,0
DA:93,0
DA:96,0
DA:100,0
DA:101,0
DA:102,0
DA:104,0
DA:105,0
DA:106,0
DA:109,0
DA:110,0
DA:111,0
DA:112,0
DA:113,0
DA:116,0
DA:117,0
DA:118,0
DA:119,0
DA:123,0
DA:124,0
DA:125,0
DA:126,0
DA:127,0
DA:128,0
DA:132,0
DA:133,0
DA:134,0
DA:135,0
DA:136,0
DA:140,0
DA:141,0
DA:142,0
DA:143,0
DA:146,0
DA:148,0
DA:153,0
DA:237,0
DA:239,0
DA:273,0
DA:310,0
LF:76
LH:0
BRDA:46,0,0,0
BRDA:46,0,1,0
BRDA:47,1,0,0
BRDA:47,1,1,0
BRDA:47,1,2,0
BRDA:55,2,0,0
BRDA:55,2,1,0
BRDA:69,3,0,0
BRDA:69,3,1,0
BRDA:69,4,0,0
BRDA:69,4,1,0
BRDA:72,5,0,0
BRDA:72,5,1,0
BRDA:82,6,0,0
BRDA:82,6,1,0
BRDA:90,7,0,0
BRDA:90,7,1,0
BRDA:101,8,0,0
BRDA:101,8,1,0
BRDA:118,9,0,0
BRDA:118,9,1,0
BRDA:127,10,0,0
BRDA:127,10,1,0
BRDA:133,11,0,0
BRDA:133,11,1,0
BRDA:166,12,0,0
BRDA:166,12,1,0
BRDA:166,12,2,0
BRDA:191,13,0,0
BRDA:191,13,1,0
BRDA:194,14,0,0
BRDA:194,14,1,0
BRDA:194,15,0,0
BRDA:194,15,1,0
BRDA:195,16,0,0
BRDA:195,16,1,0
BRDA:195,17,0,0
BRDA:195,17,1,0
BRDA:201,18,0,0
BRDA:201,18,1,0
BRDA:214,19,0,0
BRDA:214,19,1,0
BRDA:223,20,0,0
BRDA:223,20,1,0
BRDA:232,21,0,0
BRDA:232,21,1,0
BRDA:232,21,2,0
BRDA:241,22,0,0
BRDA:241,22,1,0
BRDA:249,23,0,0
BRDA:249,23,1,0
BRDA:263,24,0,0
BRDA:263,24,1,0
BRDA:277,25,0,0
BRDA:277,25,1,0
BRDA:303,26,0,0
BRDA:303,26,1,0
BRDA:319,27,0,0
BRDA:319,27,1,0
BRF:59
BRH:0
end_of_record
TN:
SF:app\weekly-report.tsx
FN:25,StatCard
FN:69,Section
FN:90,HighlightItem
FN:102,WeeklyReportScreen
FN:114,(anonymous_4)
FN:118,(anonymous_5)
FN:125,(anonymous_6)
FN:126,(anonymous_7)
FN:131,(anonymous_8)
FN:132,(anonymous_9)
FN:148,(anonymous_10)
FN:190,(anonymous_11)
FN:349,(anonymous_12)
FN:363,(anonymous_13)
FN:374,(anonymous_14)
FNF:15
FNH:0
FNDA:0,StatCard
FNDA:0,Section
FNDA:0,HighlightItem
FNDA:0,WeeklyReportScreen
FNDA:0,(anonymous_4)
FNDA:0,(anonymous_5)
FNDA:0,(anonymous_6)
FNDA:0,(anonymous_7)
FNDA:0,(anonymous_8)
FNDA:0,(anonymous_9)
FNDA:0,(anonymous_10)
FNDA:0,(anonymous_11)
FNDA:0,(anonymous_12)
FNDA:0,(anonymous_13)
FNDA:0,(anonymous_14)
DA:40,0
DA:45,0
DA:51,0
DA:78,0
DA:91,0
DA:92,0
DA:94,0
DA:103,0
DA:104,0
DA:105,0
DA:106,0
DA:108,0
DA:109,0
DA:110,0
DA:111,0
DA:112,0
DA:114,0
DA:115,0
DA:118,0
DA:119,0
DA:120,0
DA:122,0
DA:123,0
DA:125,0
DA:126,0
DA:131,0
DA:132,0
DA:139,0
DA:141,0
DA:142,0
DA:144,0
DA:148,0
DA:149,0
DA:151,0
DA:152,0
DA:153,0
DA:162,0
DA:163,0
DA:171,0
DA:172,0
DA:182,0
DA:183,0
DA:185,0
DA:190,0
DA:350,0
DA:364,0
DA:375,0
LF:47
LH:0
BRDA:30,0,0,0
BRDA:57,1,0,0
BRDA:57,1,1,0
BRDA:63,2,0,0
BRDA:63,2,1,0
BRDA:91,3,0,0
BRDA:91,3,1,0
BRDA:92,4,0,0
BRDA:92,4,1,0
BRDA:149,5,0,0
BRDA:149,5,1,0
BRDA:162,6,0,0
BRDA:162,6,1,0
BRDA:171,7,0,0
BRDA:171,7,1,0
BRDA:171,8,0,0
BRDA:171,8,1,0
BRDA:182,9,0,0
BRDA:182,9,1,0
BRDA:182,10,0,0
BRDA:182,10,1,0
BRDA:183,11,0,0
BRDA:183,11,1,0
BRDA:183,12,0,0
BRDA:183,12,1,0
BRDA:254,13,0,0
BRDA:254,13,1,0
BRDA:260,14,0,0
BRDA:260,14,1,0
BRDA:260,14,2,0
BRDA:283,15,0,0
BRDA:283,15,1,0
BRDA:293,16,0,0
BRDA:293,16,1,0
BRDA:313,17,0,0
BRDA:313,17,1,0
BRDA:314,18,0,0
BRDA:314,18,1,0
BRDA:340,19,0,0
BRDA:340,19,1,0
BRDA:340,19,2,0
BRDA:343,20,0,0
BRDA:343,20,1,0
BRDA:360,21,0,0
BRDA:360,21,1,0
BRDA:371,22,0,0
BRDA:371,22,1,0
BRF:47
BRH:0
end_of_record
TN:
SF:app\(auth)\_layout.tsx
FN:9,AuthLayout
FNF:1
FNH:0
FNDA:0,AuthLayout
DA:10,0
LF:1
LH:0
BRF:0
BRH:0
end_of_record
TN:
SF:app\(auth)\lock.tsx
FN:27,LockScreen
FN:43,(anonymous_1)
FN:61,(anonymous_2)
FN:62,(anonymous_3)
FN:66,(anonymous_4)
FN:71,(anonymous_5)
FN:75,(anonymous_6)
FN:93,(anonymous_7)
FN:106,(anonymous_8)
FN:206,(anonymous_9)
FNF:10
FNH:0
FNDA:0,LockScreen
FNDA:0,(anonymous_1)
FNDA:0,(anonymous_2)
FNDA:0,(anonymous_3)
FNDA:0,(anonymous_4)
FNDA:0,(anonymous_5)
FNDA:0,(anonymous_6)
FNDA:0,(anonymous_7)
FNDA:0,(anonymous_8)
FNDA:0,(anonymous_9)
DA:28,0
DA:34,0
DA:36,0
DA:37,0
DA:38,0
DA:41,0
DA:43,0
DA:44,0
DA:45,0
DA:60,0
DA:61,0
DA:63,0
DA:64,0
DA:67,0
DA:71,0
DA:72,0
DA:75,0
DA:76,0
DA:77,0
DA:79,0
DA:80,0
DA:83,0
DA:84,0
DA:85,0
DA:87,0
DA:89,0
DA:93,0
DA:94,0
DA:95,0
DA:96,0
DA:97,0
DA:100,0
DA:101,0
DA:106,0
DA:107,0
DA:112,0
DA:206,0
LF:37
LH:0
BRDA:83,0,0,0
BRDA:83,0,1,0
BRDA:85,1,0,0
BRDA:85,1,1,0
BRDA:95,2,0,0
BRDA:95,2,1,0
BRDA:100,3,0,0
BRDA:100,3,1,0
BRDA:146,4,0,0
BRDA:146,4,1,0
BRDA:158,5,0,0
BRDA:158,5,1,0
BRDA:175,6,0,0
BRDA:175,6,1,0
BRDA:181,7,0,0
BRDA:181,7,1,0
BRDA:197,8,0,0
BRDA:197,8,1,0
BRDA:204,9,0,0
BRDA:204,9,1,0
BRF:20
BRH:0
end_of_record
TN:
SF:app\(tabs)\_layout.tsx
FN:27,TabIcon
FN:72,(anonymous_1)
FN:83,TabLayout
FN:88,(anonymous_3)
FN:94,(anonymous_4)
FNF:5
FNH:0
FNDA:0,TabIcon
FNDA:0,(anonymous_1)
FNDA:0,TabLayout
FNDA:0,(anonymous_3)
FNDA:0,(anonymous_4)
DA:17,0
DA:28,0
DA:29,0
DA:30,0
DA:32,0
DA:55,0
DA:73,0
DA:84,0
DA:86,0
DA:89,0
DA:94,0
LF:11
LH:0
BRDA:28,0,0,0
BRDA:28,0,1,0
BRDA:35,1,0,0
BRDA:35,1,1,0
BRDA:40,2,0,0
BRDA:40,2,1,0
BRDA:44,3,0,0
BRDA:44,3,1,0
BRF:8
BRH:0
end_of_record
TN:
SF:app\(tabs)\emergency.tsx
FN:25,SectionCard
FN:46,QuickActionButton
FN:68,EmergencyScreen
FN:75,(anonymous_3)
FN:88,(anonymous_4)
FN:94,(anonymous_5)
FN:98,(anonymous_6)
FN:123,(anonymous_7)
FN:135,(anonymous_8)
FN:138,(anonymous_9)
FN:162,(anonymous_10)
FN:173,(anonymous_11)
FN:178,(anonymous_12)
FN:198,(anonymous_13)
FN:211,(anonymous_14)
FN:221,(anonymous_15)
FN:232,(anonymous_16)
FN:233,(anonymous_17)
FN:236,(anonymous_18)
FN:237,(anonymous_19)
FN:240,(anonymous_20)
FN:262,(anonymous_21)
FNF:22
FNH:0
FNDA:0,SectionCard
FNDA:0,QuickActionButton
FNDA:0,EmergencyScreen
FNDA:0,(anonymous_3)
FNDA:0,(anonymous_4)
FNDA:0,(anonymous_5)
FNDA:0,(anonymous_6)
FNDA:0,(anonymous_7)
FNDA:0,(anonymous_8)
FNDA:0,(anonymous_9)
FNDA:0,(anonymous_10)
FNDA:0,(anonymous_11)
FNDA:0,(anonymous_12)
FNDA:0,(anonymous_13)
FNDA:0,(anonymous_14)
FNDA:0,(anonymous_15)
FNDA:0,(anonymous_16)
FNDA:0,(anonymous_17)
FNDA:0,(anonymous_18)
FNDA:0,(anonymous_19)
FNDA:0,(anonymous_20)
FNDA:0,(anonymous_21)
DA:34,0
DA:55,0
DA:69,0
DA:70,0
DA:72,0
DA:73,0
DA:75,0
DA:76,0
DA:78,0
DA:88,0
DA:94,0
DA:95,0
DA:98,0
DA:99,0
DA:102,0
DA:123,0
DA:136,0
DA:138,0
DA:162,0
DA:173,0
DA:178,0
DA:198,0
DA:211,0
DA:221,0
DA:232,0
DA:233,0
DA:236,0
DA:237,0
DA:240,0
DA:262,0
LF:30
LH:0
BRDA:72,0,0,0
BRDA:72,0,1,0
BRDA:80,1,0,0
BRDA:80,1,1,0
BRDA:87,2,0,0
BRDA:87,2,1,0
BRF:6
BRH:0
end_of_record
TN:
SF:app\(tabs)\index.tsx
FN:27,ShortcutCard
FN:65,CollapsibleSection
FN:113,IntentionSelector
FN:129,(anonymous_3)
FN:147,(anonymous_4)
FN:150,(anonymous_5)
FN:168,(anonymous_6)
FN:186,(anonymous_7)
FN:212,(anonymous_8)
FN:219,MoodSlider
FN:242,(anonymous_10)
FN:248,(anonymous_11)
FN:265,(anonymous_12)
FN:282,(anonymous_13)
FN:283,(anonymous_14)
FN:284,(anonymous_15)
FN:287,(anonymous_16)
FN:302,(anonymous_17)
FN:305,(anonymous_18)
FN:328,ContextSelector
FN:348,(anonymous_20)
FN:353,(anonymous_21)
FN:373,TinyInventoryForm
FN:385,(anonymous_23)
FN:406,(anonymous_24)
FN:409,(anonymous_25)
FN:436,(anonymous_26)
FN:440,(anonymous_27)
FN:465,DashboardScreen
FN:491,(anonymous_29)
FN:512,(anonymous_30)
FN:523,(anonymous_31)
FN:525,(anonymous_32)
FN:531,(anonymous_33)
FN:532,(anonymous_34)
FN:536,(anonymous_35)
FN:538,(anonymous_36)
FN:542,(anonymous_37)
FN:547,(anonymous_38)
FN:563,(anonymous_39)
FN:582,(anonymous_40)
FN:594,(anonymous_41)
FN:608,(anonymous_42)
FN:609,(anonymous_43)
FN:611,(anonymous_44)
FN:632,(anonymous_45)
FN:718,(anonymous_46)
FN:725,(anonymous_47)
FN:734,(anonymous_48)
FN:741,(anonymous_49)
FN:753,(anonymous_50)
FN:763,(anonymous_51)
FN:796,(anonymous_52)
FN:857,(anonymous_53)
FN:894,(anonymous_54)
FN:909,(anonymous_55)
FN:924,(anonymous_56)
FNF:57
FNH:0
FNDA:0,ShortcutCard
FNDA:0,CollapsibleSection
FNDA:0,IntentionSelector
FNDA:0,(anonymous_3)
FNDA:0,(anonymous_4)
FNDA:0,(anonymous_5)
FNDA:0,(anonymous_6)
FNDA:0,(anonymous_7)
FNDA:0,(anonymous_8)
FNDA:0,MoodSlider
FNDA:0,(anonymous_10)
FNDA:0,(anonymous_11)
FNDA:0,(anonymous_12)
FNDA:0,(anonymous_13)
FNDA:0,(anonymous_14)
FNDA:0,(anonymous_15)
FNDA:0,(anonymous_16)
FNDA:0,(anonymous_17)
FNDA:0,(anonymous_18)
FNDA:0,ContextSelector
FNDA:0,(anonymous_20)
FNDA:0,(anonymous_21)
FNDA:0,TinyInventoryForm
FNDA:0,(anonymous_23)
FNDA:0,(anonymous_24)
FNDA:0,(anonymous_25)
FNDA:0,(anonymous_26)
FNDA:0,(anonymous_27)
FNDA:0,DashboardScreen
FNDA:0,(anonymous_29)
FNDA:0,(anonymous_30)
FNDA:0,(anonymous_31)
FNDA:0,(anonymous_32)
FNDA:0,(anonymous_33)
FNDA:0,(anonymous_34)
FNDA:0,(anonymous_35)
FNDA:0,(anonymous_36)
FNDA:0,(anonymous_37)
FNDA:0,(anonymous_38)
FNDA:0,(anonymous_39)
FNDA:0,(anonymous_40)
FNDA:0,(anonymous_41)
FNDA:0,(anonymous_42)
FNDA:0,(anonymous_43)
FNDA:0,(anonymous_44)
FNDA:0,(anonymous_45)
FNDA:0,(anonymous_46)
FNDA:0,(anonymous_47)
FNDA:0,(anonymous_48)
FNDA:0,(anonymous_49)
FNDA:0,(anonymous_50)
FNDA:0,(anonymous_51)
FNDA:0,(anonymous_52)
FNDA:0,(anonymous_53)
FNDA:0,(anonymous_54)
FNDA:0,(anonymous_55)
FNDA:0,(anonymous_56)
DA:40,0
DA:47,0
DA:80,0
DA:124,0
DA:125,0
DA:126,0
DA:127,0
DA:129,0
DA:130,0
DA:131,0
DA:132,0
DA:133,0
DA:135,0
DA:136,0
DA:137,0
DA:138,0
DA:141,0
DA:148,0
DA:151,0
DA:152,0
DA:169,0
DA:170,0
DA:187,0
DA:212,0
DA:234,0
DA:240,0
DA:242,0
DA:243,0
DA:244,0
DA:245,0
DA:248,0
DA:249,0
DA:250,0
DA:251,0
DA:255,0
DA:266,0
DA:267,0
DA:268,0
DA:282,0
DA:283,0
DA:285,0
DA:288,0
DA:303,0
DA:305,0
DA:335,0
DA:346,0
DA:349,0
DA:350,0
DA:353,0
DA:380,0
DA:381,0
DA:382,0
DA:383,0
DA:385,0
DA:386,0
DA:387,0
DA:388,0
DA:390,0
DA:398,0
DA:407,0
DA:409,0
DA:437,0
DA:440,0
DA:466,0
DA:473,0
DA:475,0
DA:476,0
DA:488,0
DA:491,0
DA:492,0
DA:496,0
DA:497,0
DA:498,0
DA:499,0
DA:500,0
DA:503,0
DA:504,0
DA:505,0
DA:506,0
DA:507,0
DA:508,0
DA:509,0
DA:512,0
DA:513,0
DA:514,0
DA:515,0
DA:517,0
DA:518,0
DA:523,0
DA:524,0
DA:525,0
DA:526,0
DA:528,0
DA:530,0
DA:531,0
DA:532,0
DA:533,0
DA:536,0
DA:537,0
DA:538,0
DA:542,0
DA:543,0
DA:547,0
DA:548,0
DA:549,0
DA:550,0
DA:551,0
DA:552,0
DA:553,0
DA:554,0
DA:556,0
DA:558,0
DA:563,0
DA:564,0
DA:565,0
DA:566,0
DA:568,0
DA:569,0
DA:571,0
DA:573,0
DA:575,0
DA:577,0
DA:582,0
DA:583,0
DA:584,0
DA:585,0
DA:586,0
DA:588,0
DA:589,0
DA:594,0
DA:598,0
DA:601,0
DA:603,0
DA:608,0
DA:609,0
DA:610,0
DA:611,0
DA:617,0
DA:618,0
DA:632,0
DA:643,0
DA:644,0
DA:646,0
DA:718,0
DA:725,0
DA:734,0
DA:741,0
DA:753,0
DA:763,0
DA:796,0
DA:857,0
DA:894,0
DA:909,0
DA:924,0
LF:154
LH:0
BRDA:32,0,0,0
BRDA:86,1,0,0
BRDA:86,1,1,0
BRDA:91,2,0,0
BRDA:91,2,1,0
BRDA:98,3,0,0
BRDA:98,3,1,0
BRDA:103,4,0,0
BRDA:103,4,1,0
BRDA:131,5,0,0
BRDA:131,5,1,0
BRDA:155,6,0,0
BRDA:155,6,1,0
BRDA:155,7,0,0
BRDA:155,7,1,0
BRDA:160,8,0,0
BRDA:160,8,1,0
BRDA:162,9,0,0
BRDA:162,9,1,0
BRDA:162,10,0,0
BRDA:162,10,1,0
BRDA:173,11,0,0
BRDA:173,11,1,0
BRDA:177,12,0,0
BRDA:177,12,1,0
BRDA:181,13,0,0
BRDA:181,13,1,0
BRDA:190,14,0,0
BRDA:190,14,1,0
BRDA:197,15,0,0
BRDA:197,15,1,0
BRDA:201,16,0,0
BRDA:201,16,1,0
BRDA:225,17,0,0
BRDA:243,18,0,0
BRDA:243,18,1,0
BRDA:244,19,0,0
BRDA:244,19,1,0
BRDA:249,20,0,0
BRDA:249,20,1,0
BRDA:267,21,0,0
BRDA:267,21,1,0
BRDA:307,22,0,0
BRDA:307,22,1,0
BRDA:312,23,0,0
BRDA:312,23,1,0
BRDA:355,24,0,0
BRDA:355,24,1,0
BRDA:362,25,0,0
BRDA:362,25,1,0
BRDA:386,26,0,0
BRDA:386,26,1,0
BRDA:415,27,0,0
BRDA:415,27,1,0
BRDA:419,28,0,0
BRDA:419,28,1,0
BRDA:423,29,0,0
BRDA:423,29,1,0
BRDA:445,30,0,0
BRDA:445,30,1,0
BRDA:447,31,0,0
BRDA:447,31,1,0
BRDA:455,32,0,0
BRDA:455,32,1,0
BRDA:459,33,0,0
BRDA:459,33,1,0
BRDA:513,34,0,0
BRDA:513,34,1,0
BRDA:517,35,0,0
BRDA:517,35,1,0
BRDA:525,36,0,0
BRDA:525,36,1,0
BRDA:526,37,0,0
BRDA:526,37,1,0
BRDA:532,38,0,0
BRDA:532,38,1,0
BRDA:548,39,0,0
BRDA:548,39,1,0
BRDA:568,40,0,0
BRDA:568,40,1,0
BRDA:588,41,0,0
BRDA:588,41,1,0
BRDA:610,42,0,0
BRDA:610,42,1,0
BRDA:617,43,0,0
BRDA:617,43,1,0
BRDA:617,44,0,0
BRDA:617,44,1,0
BRDA:643,45,0,0
BRDA:643,45,1,0
BRDA:643,45,2,0
BRDA:754,46,0,0
BRDA:754,46,1,0
BRDA:769,47,0,0
BRDA:769,47,1,0
BRDA:773,48,0,0
BRDA:773,48,1,0
BRDA:775,49,0,0
BRDA:775,49,1,0
BRDA:777,50,0,0
BRDA:777,50,1,0
BRDA:802,51,0,0
BRDA:802,51,1,0
BRDA:809,52,0,0
BRDA:809,52,1,0
BRDA:811,53,0,0
BRDA:811,53,1,0
BRDA:813,54,0,0
BRDA:813,54,1,0
BRDA:833,55,0,0
BRDA:833,55,1,0
BRDA:845,56,0,0
BRDA:845,56,1,0
BRDA:863,57,0,0
BRDA:863,57,1,0
BRDA:867,58,0,0
BRDA:867,58,1,0
BRDA:869,59,0,0
BRDA:869,59,1,0
BRDA:871,60,0,0
BRDA:871,60,1,0
BRDA:875,61,0,0
BRDA:875,61,1,0
BRDA:875,62,0,0
BRDA:875,62,1,0
BRDA:895,63,0,0
BRDA:895,63,1,0
BRDA:897,64,0,0
BRDA:897,64,1,0
BRF:129
BRH:0
end_of_record
TN:
SF:app\(tabs)\insights.tsx
FN:19,MoodTrendChart
FN:30,(anonymous_1)
FN:53,StatCard
FN:81,InsightsScreen
FN:92,(anonymous_4)
FN:95,(anonymous_5)
FN:103,(anonymous_6)
FN:111,(anonymous_7)
FN:124,(anonymous_8)
FN:204,(anonymous_9)
FNF:10
FNH:0
FNDA:0,MoodTrendChart
FNDA:0,(anonymous_1)
FNDA:0,StatCard
FNDA:0,InsightsScreen
FNDA:0,(anonymous_4)
FNDA:0,(anonymous_5)
FNDA:0,(anonymous_6)
FNDA:0,(anonymous_7)
FNDA:0,(anonymous_8)
FNDA:0,(anonymous_9)
DA:16,0
DA:20,0
DA:22,0
DA:23,0
DA:24,0
DA:25,0
DA:27,0
DA:31,0
DA:32,0
DA:34,0
DA:64,0
DA:70,0
DA:82,0
DA:87,0
DA:88,0
DA:91,0
DA:93,0
DA:95,0
DA:102,0
DA:103,0
DA:104,0
DA:105,0
DA:106,0
DA:107,0
DA:110,0
DA:111,0
DA:114,0
DA:116,0
DA:124,0
DA:205,0
DA:206,0
DA:207,0
DA:208,0
LF:33
LH:0
BRDA:20,0,0,0
BRDA:20,0,1,0
BRDA:37,1,0,0
BRDA:37,1,1,0
BRDA:57,2,0,0
BRDA:73,3,0,0
BRDA:73,3,1,0
BRDA:73,4,0,0
BRDA:73,4,1,0
BRDA:96,5,0,0
BRDA:96,5,1,0
BRDA:97,6,0,0
BRDA:97,6,1,0
BRDA:110,7,0,0
BRDA:110,7,1,0
BRDA:111,8,0,0
BRDA:111,8,1,0
BRDA:114,9,0,0
BRDA:114,9,1,0
BRDA:139,10,0,0
BRDA:139,10,1,0
BRDA:142,11,0,0
BRDA:142,11,1,0
BRF:23
BRH:0
end_of_record
TN:
SF:app\(tabs)\journal.tsx
FN:23,JournalEntryCard
FN:42,(anonymous_1)
FN:51,(anonymous_2)
FN:60,(anonymous_3)
FN:106,(anonymous_4)
FN:141,EmptyState
FN:163,JournalScreen
FN:173,(anonymous_7)
FN:178,(anonymous_8)
FN:182,(anonymous_9)
FN:191,(anonymous_10)
FN:195,(anonymous_11)
FN:220,(anonymous_12)
FN:241,(anonymous_13)
FN:253,(anonymous_14)
FN:265,(anonymous_15)
FN:282,(anonymous_16)
FN:309,(anonymous_17)
FN:311,(anonymous_18)
FN:314,(anonymous_19)
FNF:20
FNH:0
FNDA:0,JournalEntryCard
FNDA:0,(anonymous_1)
FNDA:0,(anonymous_2)
FNDA:0,(anonymous_3)
FNDA:0,(anonymous_4)
FNDA:0,EmptyState
FNDA:0,JournalScreen
FNDA:0,(anonymous_7)
FNDA:0,(anonymous_8)
FNDA:0,(anonymous_9)
FNDA:0,(anonymous_10)
FNDA:0,(anonymous_11)
FNDA:0,(anonymous_12)
FNDA:0,(anonymous_13)
FNDA:0,(anonymous_14)
FNDA:0,(anonymous_15)
FNDA:0,(anonymous_16)
FNDA:0,(anonymous_17)
FNDA:0,(anonymous_18)
FNDA:0,(anonymous_19)
DA:20,0
DA:23,0
DA:42,0
DA:43,0
DA:44,0
DA:51,0
DA:52,0
DA:53,0
DA:54,0
DA:55,0
DA:56,0
DA:60,0
DA:61,0
DA:62,0
DA:63,0
DA:64,0
DA:65,0
DA:70,0
DA:72,0
DA:107,0
DA:142,0
DA:164,0
DA:165,0
DA:167,0
DA:168,0
DA:169,0
DA:170,0
DA:173,0
DA:174,0
DA:177,0
DA:178,0
DA:182,0
DA:183,0
DA:184,0
DA:185,0
DA:188,0
DA:191,0
DA:192,0
DA:195,0
DA:196,0
DA:199,0
DA:220,0
DA:241,0
DA:254,0
DA:255,0
DA:256,0
DA:266,0
DA:267,0
DA:268,0
DA:283,0
DA:284,0
DA:309,0
DA:312,0
DA:314,0
LF:54
LH:0
BRDA:52,0,0,0
BRDA:52,0,1,0
BRDA:52,0,2,0
BRDA:52,0,3,0
BRDA:61,1,0,0
BRDA:61,1,1,0
BRDA:61,1,2,0
BRDA:61,1,3,0
BRDA:62,2,0,0
BRDA:62,2,1,0
BRDA:70,3,0,0
BRDA:70,3,1,0
BRDA:91,4,0,0
BRDA:91,4,1,0
BRDA:100,5,0,0
BRDA:100,5,1,0
BRDA:104,6,0,0
BRDA:104,6,1,0
BRDA:104,6,2,0
BRDA:111,7,0,0
BRDA:111,7,1,0
BRDA:120,8,0,0
BRDA:120,8,1,0
BRDA:120,8,2,0
BRDA:124,9,0,0
BRDA:124,9,1,0
BRDA:126,10,0,0
BRDA:126,10,1,0
BRDA:174,11,0,0
BRDA:174,11,1,0
BRDA:177,12,0,0
BRDA:177,12,1,0
BRDA:178,13,0,0
BRDA:178,13,1,0
BRDA:185,14,0,0
BRDA:185,14,1,0
BRDA:219,15,0,0
BRDA:219,15,1,0
BRDA:246,16,0,0
BRDA:246,16,1,0
BRDA:250,17,0,0
BRDA:250,17,1,0
BRDA:258,18,0,0
BRDA:258,18,1,0
BRDA:260,19,0,0
BRDA:260,19,1,0
BRDA:270,20,0,0
BRDA:270,20,1,0
BRDA:272,21,0,0
BRDA:272,21,1,0
BRDA:286,22,0,0
BRDA:286,22,1,0
BRDA:294,23,0,0
BRDA:294,23,1,0
BRDA:296,24,0,0
BRDA:296,24,1,0
BRDA:304,25,0,0
BRDA:304,25,1,0
BRF:58
BRH:0
end_of_record
TN:
SF:app\(tabs)\more.tsx
FN:89,MenuCard
FN:119,MoreScreen
FN:122,(anonymous_2)
FN:143,(anonymous_3)
FN:145,(anonymous_4)
FN:147,(anonymous_5)
FNF:6
FNH:0
FNDA:0,MenuCard
FNDA:0,MoreScreen
FNDA:0,(anonymous_2)
FNDA:0,(anonymous_3)
FNDA:0,(anonymous_4)
FNDA:0,(anonymous_5)
DA:23,0
DA:96,0
DA:120,0
DA:122,0
DA:123,0
DA:127,0
DA:128,0
DA:129,0
DA:132,0
DA:144,0
DA:146,0
DA:147,0
LF:12
LH:0
BRDA:151,0,0,0
BRDA:151,0,1,0
BRF:2
BRH:0
end_of_record
TN:
SF:app\(tabs)\steps.tsx
FN:12,getStepProgress
FN:14,(anonymous_1)
FN:21,StepsScreen
FN:26,(anonymous_3)
FN:47,(anonymous_4)
FN:54,(anonymous_5)
FN:70,(anonymous_6)
FN:79,(anonymous_7)
FNF:8
FNH:0
FNDA:0,getStepProgress
FNDA:0,(anonymous_1)
FNDA:0,StepsScreen
FNDA:0,(anonymous_3)
FNDA:0,(anonymous_4)
FNDA:0,(anonymous_5)
FNDA:0,(anonymous_6)
FNDA:0,(anonymous_7)
DA:13,0
DA:14,0
DA:16,0
DA:17,0
DA:18,0
DA:22,0
DA:23,0
DA:26,0
DA:27,0
DA:28,0
DA:29,0
DA:31,0
DA:34,0
DA:36,0
DA:47,0
DA:55,0
DA:71,0
DA:72,0
DA:74,0
DA:79,0
LF:20
LH:0
BRDA:14,0,0,0
BRDA:14,0,1,0
BRDA:16,1,0,0
BRDA:16,1,1,0
BRDA:17,2,0,0
BRDA:17,2,1,0
BRDA:29,3,0,0
BRDA:29,3,1,0
BRF:8
BRH:0
end_of_record
TN:
SF:app\achievements\[id].tsx
FN:23,AchievementDetailScreen
FN:40,(anonymous_1)
FN:42,(anonymous_2)
FN:48,(anonymous_3)
FN:49,loadReflection
FN:59,(anonymous_5)
FN:69,(anonymous_6)
FN:82,(anonymous_7)
FN:99,(anonymous_8)
FN:120,(anonymous_9)
FN:225,(anonymous_10)
FN:251,(anonymous_11)
FN:294,formatDate
FN:303,getUnlockHint
FN:326,getUnlockInstructions
FNF:15
FNH:0
FNDA:0,AchievementDetailScreen
FNDA:0,(anonymous_1)
FNDA:0,(anonymous_2)
FNDA:0,(anonymous_3)
FNDA:0,loadReflection
FNDA:0,(anonymous_5)
FNDA:0,(anonymous_6)
FNDA:0,(anonymous_7)
FNDA:0,(anonymous_8)
FNDA:0,(anonymous_9)
FNDA:0,(anonymous_10)
FNDA:0,(anonymous_11)
FNDA:0,formatDate
FNDA:0,getUnlockHint
FNDA:0,getUnlockInstructions
DA:24,0
DA:25,0
DA:31,0
DA:33,0
DA:34,0
DA:35,0
DA:36,0
DA:37,0
DA:40,0
DA:41,0
DA:42,0
DA:43,0
DA:48,0
DA:50,0
DA:51,0
DA:52,0
DA:53,0
DA:56,0
DA:59,0
DA:60,0
DA:62,0
DA:70,0
DA:71,0
DA:72,0
DA:73,0
DA:75,0
DA:82,0
DA:83,0
DA:85,0
DA:86,0
DA:87,0
DA:88,0
DA:89,0
DA:92,0
DA:93,0
DA:99,0
DA:106,0
DA:107,0
DA:108,0
DA:109,0
DA:110,0
DA:112,0
DA:120,0
DA:225,0
DA:252,0
DA:253,0
DA:295,0
DA:304,0
DA:306,0
DA:307,0
DA:310,0
DA:312,0
DA:314,0
DA:316,0
DA:318,0
DA:320,0
DA:322,0
DA:327,0
DA:330,0
DA:345,0
DA:346,0
DA:350,0
DA:352,0
DA:354,0
DA:356,0
DA:358,0
DA:360,0
LF:67
LH:0
BRDA:41,0,0,0
BRDA:41,0,1,0
BRDA:41,1,0,0
BRDA:41,1,1,0
BRDA:43,2,0,0
BRDA:43,2,1,0
BRDA:50,3,0,0
BRDA:50,3,1,0
BRDA:53,4,0,0
BRDA:53,4,1,0
BRDA:60,5,0,0
BRDA:60,5,1,0
BRDA:72,6,0,0
BRDA:72,6,1,0
BRDA:83,7,0,0
BRDA:83,7,1,0
BRDA:83,8,0,0
BRDA:83,8,1,0
BRDA:92,9,0,0
BRDA:92,9,1,0
BRDA:110,10,0,0
BRDA:110,10,1,0
BRDA:110,11,0,0
BRDA:110,11,1,0
BRDA:115,12,0,0
BRDA:115,12,1,0
BRDA:133,13,0,0
BRDA:133,13,1,0
BRDA:159,14,0,0
BRDA:159,14,1,0
BRDA:162,15,0,0
BRDA:162,15,1,0
BRDA:168,16,0,0
BRDA:168,16,1,0
BRDA:173,17,0,0
BRDA:173,17,1,0
BRDA:197,18,0,0
BRDA:197,18,1,0
BRDA:197,18,2,0
BRDA:213,19,0,0
BRDA:213,19,1,0
BRDA:219,20,0,0
BRDA:219,20,1,0
BRDA:219,21,0,0
BRDA:219,21,1,0
BRDA:247,22,0,0
BRDA:247,22,1,0
BRDA:253,23,0,0
BRDA:253,23,1,0
BRDA:273,24,0,0
BRDA:273,24,1,0
BRDA:306,25,0,0
BRDA:306,25,1,0
BRDA:310,26,0,0
BRDA:310,26,1,0
BRDA:310,26,2,0
BRDA:310,26,3,0
BRDA:310,26,4,0
BRDA:310,26,5,0
BRDA:345,27,0,0
BRDA:345,27,1,0
BRDA:350,28,0,0
BRDA:350,28,1,0
BRDA:350,28,2,0
BRDA:350,28,3,0
BRDA:350,28,4,0
BRF:66
BRH:0
end_of_record
TN:
SF:app\achievements\_layout.tsx
FN:7,AchievementsLayout
FNF:1
FNH:0
FNDA:0,AchievementsLayout
DA:8,0
LF:1
LH:0
BRF:0
BRH:0
end_of_record
TN:
SF:app\achievements\index.tsx
FN:31,AchievementsScreen
FN:55,(anonymous_1)
FN:59,(anonymous_2)
FN:63,(anonymous_3)
FN:74,(anonymous_4)
FN:77,(anonymous_5)
FN:78,(anonymous_6)
FN:79,(anonymous_7)
FN:89,(anonymous_8)
FN:90,(anonymous_9)
FN:91,(anonymous_10)
FN:95,(anonymous_11)
FN:100,(anonymous_12)
FN:117,(anonymous_13)
FN:162,(anonymous_14)
FN:163,(anonymous_15)
FN:186,(anonymous_16)
FN:189,(anonymous_17)
FN:231,(anonymous_18)
FNF:19
FNH:0
FNDA:0,AchievementsScreen
FNDA:0,(anonymous_1)
FNDA:0,(anonymous_2)
FNDA:0,(anonymous_3)
FNDA:0,(anonymous_4)
FNDA:0,(anonymous_5)
FNDA:0,(anonymous_6)
FNDA:0,(anonymous_7)
FNDA:0,(anonymous_8)
FNDA:0,(anonymous_9)
FNDA:0,(anonymous_10)
FNDA:0,(anonymous_11)
FNDA:0,(anonymous_12)
FNDA:0,(anonymous_13)
FNDA:0,(anonymous_14)
FNDA:0,(anonymous_15)
FNDA:0,(anonymous_16)
FNDA:0,(anonymous_17)
FNDA:0,(anonymous_18)
DA:23,0
DA:32,0
DA:46,0
DA:48,0
DA:49,0
DA:51,0
DA:55,0
DA:56,0
DA:59,0
DA:60,0
DA:63,0
DA:64,0
DA:66,0
DA:67,0
DA:72,0
DA:74,0
DA:77,0
DA:78,0
DA:79,0
DA:81,0
DA:89,0
DA:90,0
DA:92,0
DA:95,0
DA:101,0
DA:117,0
DA:162,0
DA:164,0
DA:187,0
DA:189,0
DA:231,0
LF:31
LH:0
BRDA:64,0,0,0
BRDA:64,0,1,0
BRDA:72,1,0,0
BRDA:72,1,1,0
BRDA:104,2,0,0
BRDA:104,2,1,0
BRDA:105,3,0,0
BRDA:105,3,1,0
BRDA:190,4,0,0
BRDA:190,4,1,0
BRDA:196,5,0,0
BRDA:196,5,1,0
BRDA:209,6,0,0
BRDA:209,6,1,0
BRDA:209,6,2,0
BRF:15
BRH:0
end_of_record
TN:
SF:app\capsule\[id].tsx
FN:22,CapsuleDetailScreen
FN:43,(anonymous_1)
FN:45,(anonymous_2)
FN:50,(anonymous_3)
FN:66,(anonymous_4)
FN:79,(anonymous_5)
FN:96,(anonymous_6)
FN:105,(anonymous_7)
FN:132,(anonymous_8)
FN:150,(anonymous_9)
FN:222,(anonymous_10)
FNF:11
FNH:0
FNDA:0,CapsuleDetailScreen
FNDA:0,(anonymous_1)
FNDA:0,(anonymous_2)
FNDA:0,(anonymous_3)
FNDA:0,(anonymous_4)
FNDA:0,(anonymous_5)
FNDA:0,(anonymous_6)
FNDA:0,(anonymous_7)
FNDA:0,(anonymous_8)
FNDA:0,(anonymous_9)
FNDA:0,(anonymous_10)
DA:23,0
DA:24,0
DA:32,0
DA:34,0
DA:35,0
DA:36,0
DA:37,0
DA:40,0
DA:41,0
DA:43,0
DA:44,0
DA:45,0
DA:46,0
DA:50,0
DA:51,0
DA:52,0
DA:53,0
DA:54,0
DA:55,0
DA:58,0
DA:59,0
DA:60,0
DA:66,0
DA:67,0
DA:69,0
DA:72,0
DA:79,0
DA:80,0
DA:81,0
DA:82,0
DA:83,0
DA:86,0
DA:92,0
DA:96,0
DA:97,0
DA:106,0
DA:107,0
DA:108,0
DA:116,0
DA:117,0
DA:124,0
DA:125,0
DA:132,0
DA:142,0
DA:143,0
DA:145,0
DA:150,0
DA:217,0
DA:222,0
LF:49
LH:0
BRDA:51,0,0,0
BRDA:51,0,1,0
BRDA:59,1,0,0
BRDA:59,1,1,0
BRDA:60,2,0,0
BRDA:60,2,1,0
BRDA:67,3,0,0
BRDA:67,3,1,0
BRDA:67,4,0,0
BRDA:67,4,1,0
BRDA:81,5,0,0
BRDA:81,5,1,0
BRDA:106,6,0,0
BRDA:106,6,1,0
BRDA:116,7,0,0
BRDA:116,7,1,0
BRDA:124,8,0,0
BRDA:124,8,1,0
BRDA:142,9,0,0
BRDA:142,9,1,0
BRDA:142,10,0,0
BRDA:142,10,1,0
BRDA:143,11,0,0
BRDA:143,11,1,0
BRDA:143,11,2,0
BRDA:178,12,0,0
BRDA:178,12,1,0
BRDA:225,13,0,0
BRDA:225,13,1,0
BRDA:248,14,0,0
BRDA:248,14,1,0
BRDA:257,15,0,0
BRDA:257,15,1,0
BRDA:288,16,0,0
BRDA:288,16,1,0
BRDA:296,17,0,0
BRDA:296,17,1,0
BRDA:299,18,0,0
BRDA:299,18,1,0
BRDA:308,19,0,0
BRDA:308,19,1,0
BRF:41
BRH:0
end_of_record
TN:
SF:app\capsule\_layout.tsx
FN:7,CapsuleLayout
FNF:1
FNH:0
FNDA:0,CapsuleLayout
DA:8,0
LF:1
LH:0
BRF:0
BRH:0
end_of_record
TN:
SF:app\capsule\index.tsx
FN:23,CapsuleListScreen
FN:31,(anonymous_1)
FN:35,(anonymous_2)
FN:39,(anonymous_3)
FN:44,(anonymous_4)
FN:50,(anonymous_5)
FN:51,(anonymous_6)
FN:59,(anonymous_7)
FN:75,(anonymous_8)
FN:90,(anonymous_9)
FN:91,(anonymous_10)
FN:92,(anonymous_11)
FN:95,(anonymous_12)
FN:98,(anonymous_13)
FN:109,(anonymous_14)
FN:117,(anonymous_15)
FNF:16
FNH:0
FNDA:0,CapsuleListScreen
FNDA:0,(anonymous_1)
FNDA:0,(anonymous_2)
FNDA:0,(anonymous_3)
FNDA:0,(anonymous_4)
FNDA:0,(anonymous_5)
FNDA:0,(anonymous_6)
FNDA:0,(anonymous_7)
FNDA:0,(anonymous_8)
FNDA:0,(anonymous_9)
FNDA:0,(anonymous_10)
FNDA:0,(anonymous_11)
FNDA:0,(anonymous_12)
FNDA:0,(anonymous_13)
FNDA:0,(anonymous_14)
FNDA:0,(anonymous_15)
DA:24,0
DA:26,0
DA:28,0
DA:29,0
DA:31,0
DA:32,0
DA:35,0
DA:36,0
DA:39,0
DA:40,0
DA:41,0
DA:44,0
DA:45,0
DA:46,0
DA:47,0
DA:50,0
DA:51,0
DA:54,0
DA:55,0
DA:59,0
DA:75,0
DA:83,0
DA:90,0
DA:91,0
DA:93,0
DA:95,0
DA:99,0
DA:109,0
DA:117,0
LF:29
LH:0
BRDA:54,0,0,0
BRDA:54,0,1,0
BRDA:54,1,0,0
BRDA:54,1,1,0
BRDA:125,2,0,0
BRDA:125,2,1,0
BRDA:135,3,0,0
BRDA:135,3,1,0
BRF:8
BRH:0
end_of_record
TN:
SF:app\capsule\new.tsx
FN:38,NewCapsuleScreen
FN:44,(anonymous_1)
FN:55,(anonymous_2)
FN:62,(anonymous_3)
FN:68,(anonymous_4)
FN:75,(anonymous_5)
FN:81,(anonymous_6)
FN:103,(anonymous_7)
FN:123,(anonymous_8)
FN:166,(anonymous_9)
FN:169,(anonymous_10)
FN:191,(anonymous_11)
FN:232,(anonymous_12)
FN:235,(anonymous_13)
FNF:14
FNH:0
FNDA:0,NewCapsuleScreen
FNDA:0,(anonymous_1)
FNDA:0,(anonymous_2)
FNDA:0,(anonymous_3)
FNDA:0,(anonymous_4)
FNDA:0,(anonymous_5)
FNDA:0,(anonymous_6)
FNDA:0,(anonymous_7)
FNDA:0,(anonymous_8)
FNDA:0,(anonymous_9)
FNDA:0,(anonymous_10)
FNDA:0,(anonymous_11)
FNDA:0,(anonymous_12)
FNDA:0,(anonymous_13)
DA:23,0
DA:30,0
DA:39,0
DA:40,0
DA:42,0
DA:43,0
DA:44,0
DA:45,0
DA:46,0
DA:47,0
DA:49,0
DA:50,0
DA:52,0
DA:53,0
DA:55,0
DA:56,0
DA:57,0
DA:58,0
DA:62,0
DA:63,0
DA:64,0
DA:65,0
DA:68,0
DA:69,0
DA:70,0
DA:71,0
DA:75,0
DA:76,0
DA:81,0
DA:82,0
DA:83,0
DA:84,0
DA:87,0
DA:88,0
DA:89,0
DA:92,0
DA:93,0
DA:95,0
DA:103,0
DA:106,0
DA:107,0
DA:111,0
DA:123,0
DA:167,0
DA:169,0
DA:191,0
DA:233,0
DA:235,0
LF:48
LH:0
BRDA:57,0,0,0
BRDA:57,0,1,0
BRDA:70,1,0,0
BRDA:70,1,1,0
BRDA:82,2,0,0
BRDA:82,2,1,0
BRDA:87,3,0,0
BRDA:87,3,1,0
BRDA:114,4,0,0
BRDA:114,4,1,0
BRDA:171,5,0,0
BRDA:171,5,1,0
BRDA:178,6,0,0
BRDA:178,6,1,0
BRDA:212,7,0,0
BRDA:212,7,1,0
BRDA:237,8,0,0
BRDA:237,8,1,0
BRDA:244,9,0,0
BRDA:244,9,1,0
BRDA:289,10,0,0
BRDA:289,10,1,0
BRDA:291,11,0,0
BRDA:291,11,1,0
BRDA:291,11,2,0
BRF:25
BRH:0
end_of_record
TN:
SF:app\contacts\_layout.tsx
FN:7,ContactsLayout
FNF:1
FNH:0
FNDA:0,ContactsLayout
DA:8,0
LF:1
LH:0
BRF:0
BRH:0
end_of_record
TN:
SF:app\contacts\add.tsx
FN:30,AddContactScreen
FN:51,(anonymous_1)
FN:52,(anonymous_2)
FN:71,(anonymous_3)
FN:81,(anonymous_4)
FN:85,(anonymous_5)
FN:109,(anonymous_6)
FN:143,(anonymous_7)
FN:195,(anonymous_8)
FN:198,(anonymous_9)
FNF:10
FNH:0
FNDA:0,AddContactScreen
FNDA:0,(anonymous_1)
FNDA:0,(anonymous_2)
FNDA:0,(anonymous_3)
FNDA:0,(anonymous_4)
FNDA:0,(anonymous_5)
FNDA:0,(anonymous_6)
FNDA:0,(anonymous_7)
FNDA:0,(anonymous_8)
FNDA:0,(anonymous_9)
DA:22,0
DA:31,0
DA:32,0
DA:39,0
DA:41,0
DA:42,0
DA:43,0
DA:46,0
DA:47,0
DA:48,0
DA:51,0
DA:52,0
DA:53,0
DA:54,0
DA:55,0
DA:56,0
DA:57,0
DA:58,0
DA:59,0
DA:60,0
DA:61,0
DA:62,0
DA:68,0
DA:71,0
DA:73,0
DA:76,0
DA:77,0
DA:78,0
DA:81,0
DA:82,0
DA:85,0
DA:86,0
DA:87,0
DA:88,0
DA:91,0
DA:92,0
DA:93,0
DA:94,0
DA:98,0
DA:99,0
DA:106,0
DA:109,0
DA:110,0
DA:112,0
DA:113,0
DA:114,0
DA:115,0
DA:122,0
DA:129,0
DA:131,0
DA:132,0
DA:134,0
DA:138,0
DA:143,0
DA:196,0
DA:198,0
LF:56
LH:0
BRDA:44,0,0,0
BRDA:44,0,1,0
BRDA:53,1,0,0
BRDA:53,1,1,0
BRDA:56,2,0,0
BRDA:56,2,1,0
BRDA:60,3,0,0
BRDA:60,3,1,0
BRDA:62,4,0,0
BRDA:62,4,1,0
BRDA:76,5,0,0
BRDA:76,5,1,0
BRDA:77,6,0,0
BRDA:77,6,1,0
BRDA:86,7,0,0
BRDA:86,7,1,0
BRDA:92,8,0,0
BRDA:92,8,1,0
BRDA:98,9,0,0
BRDA:98,9,1,0
BRDA:98,10,0,0
BRDA:98,10,1,0
BRDA:98,10,2,0
BRDA:110,11,0,0
BRDA:110,11,1,0
BRDA:114,12,0,0
BRDA:114,12,1,0
BRDA:114,13,0,0
BRDA:114,13,1,0
BRDA:119,14,0,0
BRDA:119,14,1,0
BRDA:126,15,0,0
BRDA:126,15,1,0
BRDA:151,16,0,0
BRDA:151,16,1,0
BRDA:157,17,0,0
BRDA:157,17,1,0
BRDA:205,18,0,0
BRDA:205,18,1,0
BRDA:207,19,0,0
BRDA:207,19,1,0
BRDA:215,20,0,0
BRDA:215,20,1,0
BRDA:220,21,0,0
BRDA:220,21,1,0
BRDA:227,22,0,0
BRDA:227,22,1,0
BRDA:265,23,0,0
BRDA:265,23,1,0
BRDA:268,24,0,0
BRDA:268,24,1,0
BRF:51
BRH:0
end_of_record
TN:
SF:app\contacts\index.tsx
FN:31,ContactsScreen
FN:47,(anonymous_1)
FN:53,(anonymous_2)
FN:62,(anonymous_3)
FN:68,(anonymous_4)
FN:81,(anonymous_5)
FN:102,(anonymous_6)
FN:116,(anonymous_7)
FN:127,(anonymous_8)
FN:138,(anonymous_9)
FN:143,(anonymous_10)
FN:144,(anonymous_11)
FN:145,(anonymous_12)
FN:148,(anonymous_13)
FN:149,(anonymous_14)
FN:150,(anonymous_15)
FN:151,(anonymous_16)
FN:154,(anonymous_17)
FN:214,(anonymous_18)
FNF:19
FNH:0
FNDA:0,ContactsScreen
FNDA:0,(anonymous_1)
FNDA:0,(anonymous_2)
FNDA:0,(anonymous_3)
FNDA:0,(anonymous_4)
FNDA:0,(anonymous_5)
FNDA:0,(anonymous_6)
FNDA:0,(anonymous_7)
FNDA:0,(anonymous_8)
FNDA:0,(anonymous_9)
FNDA:0,(anonymous_10)
FNDA:0,(anonymous_11)
FNDA:0,(anonymous_12)
FNDA:0,(anonymous_13)
FNDA:0,(anonymous_14)
FNDA:0,(anonymous_15)
FNDA:0,(anonymous_16)
FNDA:0,(anonymous_17)
FNDA:0,(anonymous_18)
DA:23,0
DA:32,0
DA:43,0
DA:45,0
DA:47,0
DA:48,0
DA:49,0
DA:50,0
DA:53,0
DA:54,0
DA:62,0
DA:68,0
DA:69,0
DA:75,0
DA:76,0
DA:81,0
DA:102,0
DA:111,0
DA:116,0
DA:127,0
DA:138,0
DA:143,0
DA:144,0
DA:146,0
DA:148,0
DA:149,0
DA:150,0
DA:151,0
DA:155,0
DA:215,0
LF:30
LH:0
BRDA:75,0,0,0
BRDA:75,0,1,0
BRDA:75,1,0,0
BRDA:75,1,1,0
BRDA:168,2,0,0
BRDA:168,2,1,0
BRDA:198,3,0,0
BRDA:198,3,1,0
BRF:8
BRH:0
end_of_record
TN:
SF:app\journal\[id].tsx
FN:23,JournalDetailScreen
FN:33,(anonymous_1)
FN:37,(anonymous_2)
FN:41,(anonymous_3)
FN:45,(anonymous_4)
FN:61,(anonymous_5)
FN:70,(anonymous_6)
FN:87,(anonymous_7)
FN:102,(anonymous_8)
FN:133,(anonymous_9)
FN:146,(anonymous_10)
FN:184,(anonymous_11)
FN:186,(anonymous_12)
FNF:13
FNH:0
FNDA:0,JournalDetailScreen
FNDA:0,(anonymous_1)
FNDA:0,(anonymous_2)
FNDA:0,(anonymous_3)
FNDA:0,(anonymous_4)
FNDA:0,(anonymous_5)
FNDA:0,(anonymous_6)
FNDA:0,(anonymous_7)
FNDA:0,(anonymous_8)
FNDA:0,(anonymous_9)
FNDA:0,(anonymous_10)
FNDA:0,(anonymous_11)
FNDA:0,(anonymous_12)
DA:24,0
DA:25,0
DA:26,0
DA:28,0
DA:29,0
DA:30,0
DA:31,0
DA:33,0
DA:34,0
DA:37,0
DA:38,0
DA:39,0
DA:41,0
DA:43,0
DA:44,0
DA:45,0
DA:48,0
DA:49,0
DA:51,0
DA:52,0
DA:55,0
DA:57,0
DA:61,0
DA:62,0
DA:71,0
DA:72,0
DA:73,0
DA:74,0
DA:76,0
DA:77,0
DA:79,0
DA:87,0
DA:88,0
DA:90,0
DA:92,0
DA:94,0
DA:96,0
DA:98,0
DA:102,0
DA:103,0
DA:113,0
DA:114,0
DA:122,0
DA:123,0
DA:133,0
DA:142,0
DA:146,0
DA:185,0
DA:186,0
DA:188,0
LF:50
LH:0
BRDA:43,0,0,0
BRDA:43,0,1,0
BRDA:48,1,0,0
BRDA:48,1,1,0
BRDA:88,2,0,0
BRDA:88,2,1,0
BRDA:88,2,2,0
BRDA:88,2,3,0
BRDA:88,2,4,0
BRDA:92,3,0,0
BRDA:92,3,1,0
BRDA:113,4,0,0
BRDA:113,4,1,0
BRDA:122,5,0,0
BRDA:122,5,1,0
BRDA:154,6,0,0
BRDA:154,6,1,0
BRDA:173,7,0,0
BRDA:173,7,1,0
BRDA:178,8,0,0
BRDA:178,8,1,0
BRDA:191,9,0,0
BRDA:191,9,1,0
BRDA:204,10,0,0
BRDA:204,10,1,0
BRDA:212,11,0,0
BRDA:212,11,1,0
BRDA:222,12,0,0
BRDA:222,12,1,0
BRDA:229,13,0,0
BRDA:229,13,1,0
BRDA:231,14,0,0
BRDA:231,14,1,0
BRDA:246,15,0,0
BRDA:246,15,1,0
BRDA:246,15,2,0
BRDA:246,15,3,0
BRF:37
BRH:0
end_of_record
TN:
SF:app\journal\_layout.tsx
FN:9,JournalLayout
FNF:1
FNH:0
FNDA:0,JournalLayout
DA:10,0
LF:1
LH:0
BRF:0
BRH:0
end_of_record
TN:
SF:app\journal\new.tsx
FN:31,NewJournalScreen
FN:44,(anonymous_1)
FN:59,(anonymous_2)
FN:60,(anonymous_3)
FN:62,(anonymous_4)
FN:67,(anonymous_5)
FN:89,(anonymous_6)
FN:96,(anonymous_7)
FN:145,(anonymous_8)
FN:148,(anonymous_9)
FN:182,(anonymous_10)
FN:185,(anonymous_11)
FN:228,(anonymous_12)
FN:231,(anonymous_13)
FN:264,(anonymous_14)
FN:280,(anonymous_15)
FN:299,(anonymous_16)
FNF:17
FNH:0
FNDA:0,NewJournalScreen
FNDA:0,(anonymous_1)
FNDA:0,(anonymous_2)
FNDA:0,(anonymous_3)
FNDA:0,(anonymous_4)
FNDA:0,(anonymous_5)
FNDA:0,(anonymous_6)
FNDA:0,(anonymous_7)
FNDA:0,(anonymous_8)
FNDA:0,(anonymous_9)
FNDA:0,(anonymous_10)
FNDA:0,(anonymous_11)
FNDA:0,(anonymous_12)
FNDA:0,(anonymous_13)
FNDA:0,(anonymous_14)
FNDA:0,(anonymous_15)
FNDA:0,(anonymous_16)
DA:24,0
DA:32,0
DA:33,0
DA:34,0
DA:36,0
DA:37,0
DA:38,0
DA:39,0
DA:40,0
DA:41,0
DA:42,0
DA:44,0
DA:45,0
DA:47,0
DA:49,0
DA:51,0
DA:53,0
DA:55,0
DA:59,0
DA:60,0
DA:61,0
DA:62,0
DA:67,0
DA:68,0
DA:69,0
DA:70,0
DA:73,0
DA:74,0
DA:82,0
DA:84,0
DA:85,0
DA:89,0
DA:90,0
DA:91,0
DA:96,0
DA:100,0
DA:104,0
DA:146,0
DA:148,0
DA:183,0
DA:185,0
DA:229,0
DA:231,0
DA:264,0
DA:280,0
DA:299,0
LF:46
LH:0
BRDA:36,0,0,0
BRDA:36,0,1,0
BRDA:45,1,0,0
BRDA:45,1,1,0
BRDA:45,1,2,0
BRDA:45,1,3,0
BRDA:45,1,4,0
BRDA:49,2,0,0
BRDA:49,2,1,0
BRDA:61,3,0,0
BRDA:61,3,1,0
BRDA:68,4,0,0
BRDA:68,4,1,0
BRDA:79,5,0,0
BRDA:79,5,1,0
BRDA:90,6,0,0
BRDA:90,6,1,0
BRDA:107,7,0,0
BRDA:107,7,1,0
BRDA:121,8,0,0
BRDA:121,8,1,0
BRDA:124,9,0,0
BRDA:124,9,1,0
BRDA:150,10,0,0
BRDA:150,10,1,0
BRDA:157,11,0,0
BRDA:157,11,1,0
BRDA:171,12,0,0
BRDA:171,12,1,0
BRDA:187,13,0,0
BRDA:187,13,1,0
BRDA:194,14,0,0
BRDA:194,14,1,0
BRDA:233,15,0,0
BRDA:233,15,1,0
BRDA:238,16,0,0
BRDA:238,16,1,0
BRDA:245,17,0,0
BRDA:245,17,1,0
BRDA:263,18,0,0
BRDA:263,18,1,0
BRDA:271,19,0,0
BRDA:271,19,1,0
BRDA:279,20,0,0
BRDA:279,20,1,0
BRDA:287,21,0,0
BRDA:287,21,1,0
BRDA:298,22,0,0
BRDA:298,22,1,0
BRDA:306,23,0,0
BRDA:306,23,1,0
BRF:51
BRH:0
end_of_record
TN:
SF:app\journal\voice.tsx
FN:25,VoiceJournalScreen
FN:61,(anonymous_1)
FN:83,(anonymous_2)
FN:95,(anonymous_3)
FN:105,(anonymous_4)
FN:113,(anonymous_5)
FN:118,(anonymous_6)
FN:119,(anonymous_7)
FN:121,(anonymous_8)
FN:126,(anonymous_9)
FN:138,(anonymous_10)
FN:146,(anonymous_11)
FN:155,(anonymous_12)
FN:164,(anonymous_13)
FN:305,(anonymous_14)
FN:369,(anonymous_15)
FN:372,(anonymous_16)
FNF:17
FNH:0
FNDA:0,VoiceJournalScreen
FNDA:0,(anonymous_1)
FNDA:0,(anonymous_2)
FNDA:0,(anonymous_3)
FNDA:0,(anonymous_4)
FNDA:0,(anonymous_5)
FNDA:0,(anonymous_6)
FNDA:0,(anonymous_7)
FNDA:0,(anonymous_8)
FNDA:0,(anonymous_9)
FNDA:0,(anonymous_10)
FNDA:0,(anonymous_11)
FNDA:0,(anonymous_12)
FNDA:0,(anonymous_13)
FNDA:0,(anonymous_14)
FNDA:0,(anonymous_15)
FNDA:0,(anonymous_16)
DA:26,0
DA:39,0
DA:41,0
DA:44,0
DA:51,0
DA:52,0
DA:53,0
DA:54,0
DA:57,0
DA:58,0
DA:61,0
DA:62,0
DA:63,0
DA:78,0
DA:83,0
DA:84,0
DA:86,0
DA:87,0
DA:95,0
DA:96,0
DA:97,0
DA:98,0
DA:105,0
DA:106,0
DA:107,0
DA:108,0
DA:109,0
DA:113,0
DA:114,0
DA:115,0
DA:118,0
DA:119,0
DA:120,0
DA:121,0
DA:126,0
DA:127,0
DA:129,0
DA:130,0
DA:137,0
DA:138,0
DA:141,0
DA:142,0
DA:146,0
DA:147,0
DA:156,0
DA:157,0
DA:164,0
DA:165,0
DA:166,0
DA:167,0
DA:168,0
DA:169,0
DA:173,0
DA:174,0
DA:265,0
DA:305,0
DA:370,0
DA:372,0
LF:58
LH:0
BRDA:62,0,0,0
BRDA:62,0,1,0
BRDA:62,1,0,0
BRDA:62,1,1,0
BRDA:84,2,0,0
BRDA:84,2,1,0
BRDA:97,3,0,0
BRDA:97,3,1,0
BRDA:107,4,0,0
BRDA:107,4,1,0
BRDA:120,5,0,0
BRDA:120,5,1,0
BRDA:127,6,0,0
BRDA:127,6,1,0
BRDA:130,7,0,0
BRDA:130,7,1,0
BRDA:165,8,0,0
BRDA:165,8,1,0
BRDA:166,9,0,0
BRDA:166,9,1,0
BRDA:167,10,0,0
BRDA:167,10,1,0
BRDA:168,11,0,0
BRDA:168,11,1,0
BRDA:173,12,0,0
BRDA:173,12,1,0
BRDA:219,13,0,0
BRDA:219,13,1,0
BRDA:226,14,0,0
BRDA:226,14,1,0
BRDA:241,15,0,0
BRDA:241,15,1,0
BRDA:268,16,0,0
BRDA:268,16,1,0
BRDA:291,17,0,0
BRDA:291,17,1,0
BRDA:296,18,0,0
BRDA:296,18,1,0
BRDA:305,19,0,0
BRDA:305,19,1,0
BRDA:312,20,0,0
BRDA:312,20,1,0
BRDA:325,21,0,0
BRDA:325,21,1,0
BRDA:374,22,0,0
BRDA:374,22,1,0
BRDA:379,23,0,0
BRDA:379,23,1,0
BRDA:386,24,0,0
BRDA:386,24,1,0
BRDA:403,25,0,0
BRDA:403,25,1,0
BRDA:405,26,0,0
BRDA:405,26,1,0
BRF:54
BRH:0
end_of_record
TN:
SF:app\literature\_layout.tsx
FN:3,LiteratureLayout
FNF:1
FNH:0
FNDA:0,LiteratureLayout
DA:4,0
LF:1
LH:0
BRF:0
BRH:0
end_of_record
TN:
SF:app\literature\index.tsx
FN:28,LiteratureProgressScreen
FN:46,(anonymous_1)
FN:54,(anonymous_2)
FN:55,(anonymous_3)
FN:59,(anonymous_4)
FN:62,(anonymous_5)
FN:81,(anonymous_6)
FN:86,(anonymous_7)
FN:95,(anonymous_8)
FN:106,(anonymous_9)
FN:107,(anonymous_10)
FN:111,(anonymous_11)
FN:112,(anonymous_12)
FN:119,(anonymous_13)
FN:138,(anonymous_14)
FN:141,(anonymous_15)
FNF:16
FNH:0
FNDA:0,LiteratureProgressScreen
FNDA:0,(anonymous_1)
FNDA:0,(anonymous_2)
FNDA:0,(anonymous_3)
FNDA:0,(anonymous_4)
FNDA:0,(anonymous_5)
FNDA:0,(anonymous_6)
FNDA:0,(anonymous_7)
FNDA:0,(anonymous_8)
FNDA:0,(anonymous_9)
FNDA:0,(anonymous_10)
FNDA:0,(anonymous_11)
FNDA:0,(anonymous_12)
FNDA:0,(anonymous_13)
FNDA:0,(anonymous_14)
FNDA:0,(anonymous_15)
DA:29,0
DA:40,0
DA:42,0
DA:43,0
DA:44,0
DA:46,0
DA:47,0
DA:48,0
DA:52,0
DA:54,0
DA:55,0
DA:58,0
DA:59,0
DA:62,0
DA:63,0
DA:64,0
DA:65,0
DA:67,0
DA:68,0
DA:69,0
DA:70,0
DA:71,0
DA:74,0
DA:76,0
DA:81,0
DA:82,0
DA:83,0
DA:86,0
DA:87,0
DA:88,0
DA:89,0
DA:91,0
DA:92,0
DA:95,0
DA:96,0
DA:97,0
DA:100,0
DA:106,0
DA:108,0
DA:111,0
DA:112,0
DA:119,0
DA:139,0
DA:141,0
LF:44
LH:0
BRDA:47,0,0,0
BRDA:47,0,1,0
BRDA:52,1,0,0
BRDA:52,1,1,0
BRDA:55,2,0,0
BRDA:55,2,1,0
BRDA:58,3,0,0
BRDA:58,3,1,0
BRDA:67,4,0,0
BRDA:67,4,1,0
BRDA:70,5,0,0
BRDA:70,5,1,0
BRDA:82,6,0,0
BRDA:82,6,1,0
BRDA:82,7,0,0
BRDA:82,7,1,0
BRDA:87,8,0,0
BRDA:87,8,1,0
BRDA:87,9,0,0
BRDA:87,9,1,0
BRDA:87,9,2,0
BRDA:105,10,0,0
BRDA:105,10,1,0
BRDA:111,11,0,0
BRDA:111,11,1,0
BRDA:142,12,0,0
BRDA:142,12,1,0
BRDA:149,13,0,0
BRDA:149,13,1,0
BRDA:161,14,0,0
BRDA:161,14,1,0
BRDA:223,15,0,0
BRDA:223,15,1,0
BRDA:260,16,0,0
BRDA:260,16,1,0
BRDA:260,17,0,0
BRDA:260,17,1,0
BRDA:267,18,0,0
BRDA:267,18,1,0
BRDA:267,19,0,0
BRDA:267,19,1,0
BRDA:272,20,0,0
BRDA:272,20,1,0
BRDA:272,20,2,0
BRDA:281,21,0,0
BRDA:281,21,1,0
BRDA:281,22,0,0
BRDA:281,22,1,0
BRDA:300,23,0,0
BRDA:300,23,1,0
BRF:50
BRH:0
end_of_record
TN:
SF:app\meetings\[id].tsx
FN:22,MeetingDetailScreen
FN:31,(anonymous_1)
FN:35,(anonymous_2)
FN:43,(anonymous_3)
FN:51,(anonymous_4)
FN:60,(anonymous_5)
FN:87,(anonymous_6)
FN:103,(anonymous_7)
FN:213,(anonymous_8)
FNF:9
FNH:0
FNDA:0,MeetingDetailScreen
FNDA:0,(anonymous_1)
FNDA:0,(anonymous_2)
FNDA:0,(anonymous_3)
FNDA:0,(anonymous_4)
FNDA:0,(anonymous_5)
FNDA:0,(anonymous_6)
FNDA:0,(anonymous_7)
FNDA:0,(anonymous_8)
DA:23,0
DA:24,0
DA:26,0
DA:28,0
DA:29,0
DA:31,0
DA:32,0
DA:35,0
DA:36,0
DA:37,0
DA:38,0
DA:39,0
DA:40,0
DA:43,0
DA:44,0
DA:45,0
DA:46,0
DA:47,0
DA:48,0
DA:51,0
DA:52,0
DA:61,0
DA:62,0
DA:63,0
DA:71,0
DA:72,0
DA:79,0
DA:80,0
DA:87,0
DA:96,0
DA:98,0
DA:103,0
DA:214,0
LF:33
LH:0
BRDA:36,0,0,0
BRDA:36,0,1,0
BRDA:44,1,0,0
BRDA:44,1,1,0
BRDA:45,2,0,0
BRDA:45,2,1,0
BRDA:46,3,0,0
BRDA:46,3,1,0
BRDA:47,4,0,0
BRDA:47,4,1,0
BRDA:61,5,0,0
BRDA:61,5,1,0
BRDA:71,6,0,0
BRDA:71,6,1,0
BRDA:79,7,0,0
BRDA:79,7,1,0
BRDA:114,8,0,0
BRDA:114,8,1,0
BRDA:117,9,0,0
BRDA:117,9,1,0
BRDA:122,10,0,0
BRDA:122,10,1,0
BRDA:146,11,0,0
BRDA:146,11,1,0
BRDA:146,12,0,0
BRDA:146,12,1,0
BRDA:150,13,0,0
BRDA:150,13,1,0
BRDA:152,14,0,0
BRDA:152,14,1,0
BRDA:159,15,0,0
BRDA:159,15,1,0
BRDA:161,16,0,0
BRDA:161,16,1,0
BRDA:166,17,0,0
BRDA:166,17,1,0
BRDA:183,18,0,0
BRDA:183,18,1,0
BRDA:193,19,0,0
BRDA:193,19,1,0
BRDA:207,20,0,0
BRDA:207,20,1,0
BRDA:249,21,0,0
BRDA:249,21,1,0
BRF:44
BRH:0
end_of_record
TN:
SF:app\meetings\_layout.tsx
FN:8,MeetingsLayout
FNF:1
FNH:0
FNDA:0,MeetingsLayout
DA:9,0
LF:1
LH:0
BRF:0
BRH:0
end_of_record
TN:
SF:app\meetings\index.tsx
FN:22,MeetingCard
FN:79,(anonymous_1)
FN:102,InsightsCard
FN:198,MeetingsScreen
FN:213,(anonymous_4)
FN:226,(anonymous_5)
FN:241,(anonymous_6)
FN:255,(anonymous_7)
FN:263,(anonymous_8)
FN:272,(anonymous_9)
FN:280,(anonymous_10)
FN:283,(anonymous_11)
FNF:12
FNH:0
FNDA:0,MeetingCard
FNDA:0,(anonymous_1)
FNDA:0,InsightsCard
FNDA:0,MeetingsScreen
FNDA:0,(anonymous_4)
FNDA:0,(anonymous_5)
FNDA:0,(anonymous_6)
FNDA:0,(anonymous_7)
FNDA:0,(anonymous_8)
FNDA:0,(anonymous_9)
FNDA:0,(anonymous_10)
FNDA:0,(anonymous_11)
DA:22,0
DA:33,0
DA:35,0
DA:41,0
DA:80,0
DA:118,0
DA:199,0
DA:209,0
DA:211,0
DA:213,0
DA:214,0
DA:215,0
DA:216,0
DA:220,0
DA:221,0
DA:226,0
DA:241,0
DA:249,0
DA:255,0
DA:263,0
DA:272,0
DA:281,0
DA:283,0
LF:23
LH:0
BRDA:35,0,0,0
BRDA:35,0,1,0
BRDA:37,1,0,0
BRDA:37,1,1,0
BRDA:47,2,0,0
BRDA:47,2,1,0
BRDA:56,3,0,0
BRDA:56,3,1,0
BRDA:70,4,0,0
BRDA:70,4,1,0
BRDA:77,5,0,0
BRDA:77,5,1,0
BRDA:89,6,0,0
BRDA:89,6,1,0
BRDA:152,7,0,0
BRDA:152,7,1,0
BRDA:165,8,0,0
BRDA:165,8,1,0
BRDA:174,9,0,0
BRDA:174,9,1,0
BRDA:184,10,0,0
BRDA:184,10,1,0
BRDA:184,10,2,0
BRDA:220,11,0,0
BRDA:220,11,1,0
BRDA:220,12,0,0
BRDA:220,12,1,0
BRF:27
BRH:0
end_of_record
TN:
SF:app\meetings\new.tsx
FN:33,NewMeetingScreen
FN:63,(anonymous_1)
FN:73,(anonymous_2)
FN:81,(anonymous_3)
FN:82,(anonymous_4)
FN:84,(anonymous_5)
FN:89,(anonymous_6)
FN:90,(anonymous_7)
FN:92,(anonymous_8)
FN:97,(anonymous_9)
FN:103,(anonymous_10)
FN:111,(anonymous_11)
FN:135,(anonymous_12)
FN:193,(anonymous_13)
FN:196,(anonymous_14)
FN:230,(anonymous_15)
FN:249,(anonymous_16)
FN:448,(anonymous_17)
FN:451,(anonymous_18)
FN:545,(anonymous_19)
FN:548,(anonymous_20)
FNF:21
FNH:0
FNDA:0,NewMeetingScreen
FNDA:0,(anonymous_1)
FNDA:0,(anonymous_2)
FNDA:0,(anonymous_3)
FNDA:0,(anonymous_4)
FNDA:0,(anonymous_5)
FNDA:0,(anonymous_6)
FNDA:0,(anonymous_7)
FNDA:0,(anonymous_8)
FNDA:0,(anonymous_9)
FNDA:0,(anonymous_10)
FNDA:0,(anonymous_11)
FNDA:0,(anonymous_12)
FNDA:0,(anonymous_13)
FNDA:0,(anonymous_14)
FNDA:0,(anonymous_15)
FNDA:0,(anonymous_16)
FNDA:0,(anonymous_17)
FNDA:0,(anonymous_18)
FNDA:0,(anonymous_19)
FNDA:0,(anonymous_20)
DA:26,0
DA:34,0
DA:35,0
DA:36,0
DA:39,0
DA:40,0
DA:41,0
DA:42,0
DA:43,0
DA:44,0
DA:45,0
DA:48,0
DA:49,0
DA:50,0
DA:51,0
DA:52,0
DA:53,0
DA:54,0
DA:56,0
DA:59,0
DA:60,0
DA:63,0
DA:64,0
DA:65,0
DA:66,0
DA:67,0
DA:68,0
DA:69,0
DA:73,0
DA:74,0
DA:75,0
DA:76,0
DA:77,0
DA:78,0
DA:81,0
DA:82,0
DA:83,0
DA:84,0
DA:89,0
DA:90,0
DA:91,0
DA:92,0
DA:97,0
DA:98,0
DA:99,0
DA:103,0
DA:104,0
DA:105,0
DA:107,0
DA:111,0
DA:112,0
DA:113,0
DA:114,0
DA:132,0
DA:135,0
DA:138,0
DA:139,0
DA:141,0
DA:145,0
DA:194,0
DA:197,0
DA:198,0
DA:199,0
DA:200,0
DA:230,0
DA:249,0
DA:449,0
DA:451,0
DA:546,0
DA:548,0
LF:70
LH:0
BRDA:64,0,0,0
BRDA:64,0,1,0
BRDA:67,1,0,0
BRDA:67,1,1,0
BRDA:74,2,0,0
BRDA:74,2,1,0
BRDA:75,3,0,0
BRDA:75,3,1,0
BRDA:76,4,0,0
BRDA:76,4,1,0
BRDA:77,5,0,0
BRDA:77,5,1,0
BRDA:83,6,0,0
BRDA:83,6,1,0
BRDA:91,7,0,0
BRDA:91,7,1,0
BRDA:98,8,0,0
BRDA:98,8,1,0
BRDA:104,9,0,0
BRDA:104,9,1,0
BRDA:115,10,0,0
BRDA:115,10,1,0
BRDA:116,11,0,0
BRDA:116,11,1,0
BRDA:123,12,0,0
BRDA:123,12,1,0
BRDA:124,13,0,0
BRDA:124,13,1,0
BRDA:125,14,0,0
BRDA:125,14,1,0
BRDA:126,15,0,0
BRDA:126,15,1,0
BRDA:128,16,0,0
BRDA:128,16,1,0
BRDA:148,17,0,0
BRDA:148,17,1,0
BRDA:159,18,0,0
BRDA:159,18,1,0
BRDA:176,19,0,0
BRDA:176,19,1,0
BRDA:186,20,0,0
BRDA:186,20,1,0
BRDA:198,21,0,0
BRDA:198,21,1,0
BRDA:203,22,0,0
BRDA:203,22,1,0
BRDA:210,23,0,0
BRDA:210,23,1,0
BRDA:232,24,0,0
BRDA:232,24,1,0
BRDA:240,25,0,0
BRDA:240,25,1,0
BRDA:251,26,0,0
BRDA:251,26,1,0
BRDA:259,27,0,0
BRDA:259,27,1,0
BRDA:289,28,0,0
BRDA:289,28,1,0
BRDA:300,29,0,0
BRDA:300,29,1,0
BRDA:350,30,0,0
BRDA:350,30,1,0
BRDA:354,31,0,0
BRDA:354,31,1,0
BRDA:361,32,0,0
BRDA:361,32,1,0
BRDA:365,33,0,0
BRDA:365,33,1,0
BRDA:370,34,0,0
BRDA:370,34,1,0
BRDA:380,35,0,0
BRDA:380,35,1,0
BRDA:434,36,0,0
BRDA:434,36,1,0
BRDA:453,37,0,0
BRDA:453,37,1,0
BRDA:460,38,0,0
BRDA:460,38,1,0
BRDA:472,39,0,0
BRDA:472,39,1,0
BRDA:508,40,0,0
BRDA:508,40,1,0
BRDA:514,41,0,0
BRDA:514,41,1,0
BRDA:535,42,0,0
BRDA:535,42,1,0
BRDA:550,43,0,0
BRDA:550,43,1,0
BRDA:557,44,0,0
BRDA:557,44,1,0
BRDA:577,45,0,0
BRDA:577,45,1,0
BRDA:580,46,0,0
BRDA:580,46,1,0
BRDA:592,47,0,0
BRDA:592,47,1,0
BRDA:594,48,0,0
BRDA:594,48,1,0
BRDA:600,49,0,0
BRDA:600,49,1,0
BRDA:601,50,0,0
BRDA:601,50,1,0
BRDA:607,51,0,0
BRDA:607,51,1,0
BRDA:613,52,0,0
BRDA:613,52,1,0
BRDA:619,53,0,0
BRDA:619,53,1,0
BRDA:630,54,0,0
BRDA:630,54,1,0
BRDA:634,55,0,0
BRDA:634,55,1,0
BRF:112
BRH:0
end_of_record
TN:
SF:app\my-meetings\[id].tsx
FN:23,formatTime
FN:30,getMeetingTypeLabel
FN:43,getMeetingTypeIcon
FN:56,MeetingDetailScreen
FN:73,(anonymous_4)
FN:77,(anonymous_5)
FN:91,(anonymous_6)
FN:101,(anonymous_7)
FN:111,(anonymous_8)
FN:124,(anonymous_9)
FN:128,(anonymous_10)
FN:139,(anonymous_11)
FN:153,(anonymous_12)
FN:170,(anonymous_13)
FN:186,(anonymous_14)
FNF:15
FNH:0
FNDA:0,formatTime
FNDA:0,getMeetingTypeLabel
FNDA:0,getMeetingTypeIcon
FNDA:0,MeetingDetailScreen
FNDA:0,(anonymous_4)
FNDA:0,(anonymous_5)
FNDA:0,(anonymous_6)
FNDA:0,(anonymous_7)
FNDA:0,(anonymous_8)
FNDA:0,(anonymous_9)
FNDA:0,(anonymous_10)
FNDA:0,(anonymous_11)
FNDA:0,(anonymous_12)
FNDA:0,(anonymous_13)
FNDA:0,(anonymous_14)
DA:21,0
DA:24,0
DA:25,0
DA:26,0
DA:27,0
DA:31,0
DA:33,0
DA:35,0
DA:37,0
DA:39,0
DA:44,0
DA:46,0
DA:48,0
DA:50,0
DA:52,0
DA:57,0
DA:58,0
DA:67,0
DA:69,0
DA:70,0
DA:71,0
DA:73,0
DA:74,0
DA:77,0
DA:78,0
DA:80,0
DA:81,0
DA:83,0
DA:84,0
DA:85,0
DA:88,0
DA:91,0
DA:92,0
DA:93,0
DA:94,0
DA:95,0
DA:97,0
DA:101,0
DA:102,0
DA:104,0
DA:112,0
DA:113,0
DA:114,0
DA:116,0
DA:124,0
DA:125,0
DA:128,0
DA:129,0
DA:131,0
DA:140,0
DA:141,0
DA:142,0
DA:144,0
DA:145,0
DA:153,0
DA:155,0
DA:158,0
DA:159,0
DA:166,0
DA:167,0
DA:170,0
DA:177,0
DA:178,0
DA:180,0
DA:186,0
LF:65
LH:0
BRDA:25,0,0,0
BRDA:25,0,1,0
BRDA:26,1,0,0
BRDA:26,1,1,0
BRDA:31,2,0,0
BRDA:31,2,1,0
BRDA:31,2,2,0
BRDA:31,2,3,0
BRDA:44,3,0,0
BRDA:44,3,1,0
BRDA:44,3,2,0
BRDA:44,3,3,0
BRDA:78,4,0,0
BRDA:78,4,1,0
BRDA:83,5,0,0
BRDA:83,5,1,0
BRDA:92,6,0,0
BRDA:92,6,1,0
BRDA:102,7,0,0
BRDA:102,7,1,0
BRDA:129,8,0,0
BRDA:129,8,1,0
BRDA:158,9,0,0
BRDA:158,9,1,0
BRDA:166,10,0,0
BRDA:166,10,1,0
BRDA:211,11,0,0
BRDA:211,11,1,0
BRDA:224,12,0,0
BRDA:224,12,1,0
BRDA:231,13,0,0
BRDA:231,13,1,0
BRDA:231,14,0,0
BRDA:231,14,1,0
BRDA:236,15,0,0
BRDA:236,15,1,0
BRDA:272,16,0,0
BRDA:272,16,1,0
BRDA:284,17,0,0
BRDA:284,17,1,0
BRDA:313,18,0,0
BRDA:313,18,1,0
BRDA:319,19,0,0
BRDA:319,19,1,0
BRF:44
BRH:0
end_of_record
TN:
SF:app\my-meetings\_layout.tsx
FN:8,MyMeetingsLayout
FNF:1
FNH:0
FNDA:0,MyMeetingsLayout
DA:9,0
LF:1
LH:0
BRF:0
BRH:0
end_of_record
TN:
SF:app\my-meetings\add.tsx
FN:47,AddMeetingScreen
FN:66,(anonymous_1)
FN:72,(anonymous_2)
FN:93,(anonymous_3)
FN:103,(anonymous_4)
FN:111,(anonymous_5)
FN:141,(anonymous_6)
FN:152,(anonymous_7)
FN:184,(anonymous_8)
FN:217,(anonymous_9)
FN:220,(anonymous_10)
FN:249,(anonymous_11)
FN:252,(anonymous_12)
FN:358,(anonymous_13)
FN:361,(anonymous_14)
FNF:15
FNH:0
FNDA:0,AddMeetingScreen
FNDA:0,(anonymous_1)
FNDA:0,(anonymous_2)
FNDA:0,(anonymous_3)
FNDA:0,(anonymous_4)
FNDA:0,(anonymous_5)
FNDA:0,(anonymous_6)
FNDA:0,(anonymous_7)
FNDA:0,(anonymous_8)
FNDA:0,(anonymous_9)
FNDA:0,(anonymous_10)
FNDA:0,(anonymous_11)
FNDA:0,(anonymous_12)
FNDA:0,(anonymous_13)
FNDA:0,(anonymous_14)
DA:24,0
DA:34,0
DA:40,0
DA:48,0
DA:49,0
DA:50,0
DA:53,0
DA:54,0
DA:55,0
DA:56,0
DA:57,0
DA:58,0
DA:59,0
DA:60,0
DA:61,0
DA:62,0
DA:63,0
DA:66,0
DA:67,0
DA:68,0
DA:72,0
DA:73,0
DA:74,0
DA:75,0
DA:76,0
DA:77,0
DA:78,0
DA:79,0
DA:80,0
DA:81,0
DA:82,0
DA:85,0
DA:86,0
DA:87,0
DA:90,0
DA:93,0
DA:95,0
DA:96,0
DA:97,0
DA:98,0
DA:99,0
DA:103,0
DA:104,0
DA:105,0
DA:106,0
DA:107,0
DA:108,0
DA:111,0
DA:113,0
DA:114,0
DA:115,0
DA:118,0
DA:119,0
DA:120,0
DA:123,0
DA:125,0
DA:126,0
DA:128,0
DA:129,0
DA:140,0
DA:141,0
DA:144,0
DA:151,0
DA:152,0
DA:156,0
DA:157,0
DA:159,0
DA:163,0
DA:164,0
DA:171,0
DA:184,0
DA:218,0
DA:220,0
DA:250,0
DA:252,0
DA:359,0
DA:361,0
LF:77
LH:0
BRDA:67,0,0,0
BRDA:67,0,1,0
BRDA:74,1,0,0
BRDA:74,1,1,0
BRDA:76,2,0,0
BRDA:76,2,1,0
BRDA:85,3,0,0
BRDA:85,3,1,0
BRDA:87,4,0,0
BRDA:87,4,1,0
BRDA:96,5,0,0
BRDA:96,5,1,0
BRDA:98,6,0,0
BRDA:98,6,1,0
BRDA:105,7,0,0
BRDA:105,7,1,0
BRDA:108,8,0,0
BRDA:108,8,1,0
BRDA:108,8,2,0
BRDA:108,8,3,0
BRDA:113,9,0,0
BRDA:113,9,1,0
BRDA:118,10,0,0
BRDA:118,10,1,0
BRDA:128,11,0,0
BRDA:128,11,1,0
BRDA:131,12,0,0
BRDA:131,12,1,0
BRDA:138,13,0,0
BRDA:138,13,1,0
BRDA:145,14,0,0
BRDA:145,14,1,0
BRDA:149,15,0,0
BRDA:149,15,1,0
BRDA:163,16,0,0
BRDA:163,16,1,0
BRDA:174,17,0,0
BRDA:174,17,1,0
BRDA:194,18,0,0
BRDA:194,18,1,0
BRDA:222,19,0,0
BRDA:222,19,1,0
BRDA:230,20,0,0
BRDA:230,20,1,0
BRDA:254,21,0,0
BRDA:254,21,1,0
BRDA:261,22,0,0
BRDA:261,22,1,0
BRDA:301,23,0,0
BRDA:301,23,1,0
BRDA:325,24,0,0
BRDA:325,24,1,0
BRDA:348,25,0,0
BRDA:348,25,1,0
BRDA:352,26,0,0
BRDA:352,26,1,0
BRDA:363,27,0,0
BRDA:363,27,1,0
BRDA:370,28,0,0
BRDA:370,28,1,0
BRDA:403,29,0,0
BRDA:403,29,1,0
BRDA:403,30,0,0
BRDA:403,30,1,0
BRF:64
BRH:0
end_of_record
TN:
SF:app\my-meetings\index.tsx
FN:25,MyMeetingsScreen
FN:39,(anonymous_1)
FN:46,(anonymous_2)
FN:49,(anonymous_3)
FN:52,(anonymous_4)
FN:60,(anonymous_5)
FN:62,(anonymous_6)
FN:74,(anonymous_7)
FN:76,(anonymous_8)
FN:86,(anonymous_9)
FN:107,(anonymous_10)
FN:113,(anonymous_11)
FN:130,(anonymous_12)
FN:160,(anonymous_13)
FN:173,(anonymous_14)
FN:189,(anonymous_15)
FN:209,(anonymous_16)
FN:225,(anonymous_17)
FN:252,(anonymous_18)
FN:258,(anonymous_19)
FN:259,(anonymous_20)
FN:296,formatTime
FNF:22
FNH:0
FNDA:0,MyMeetingsScreen
FNDA:0,(anonymous_1)
FNDA:0,(anonymous_2)
FNDA:0,(anonymous_3)
FNDA:0,(anonymous_4)
FNDA:0,(anonymous_5)
FNDA:0,(anonymous_6)
FNDA:0,(anonymous_7)
FNDA:0,(anonymous_8)
FNDA:0,(anonymous_9)
FNDA:0,(anonymous_10)
FNDA:0,(anonymous_11)
FNDA:0,(anonymous_12)
FNDA:0,(anonymous_13)
FNDA:0,(anonymous_14)
FNDA:0,(anonymous_15)
FNDA:0,(anonymous_16)
FNDA:0,(anonymous_17)
FNDA:0,(anonymous_18)
FNDA:0,(anonymous_19)
FNDA:0,(anonymous_20)
FNDA:0,formatTime
DA:23,0
DA:26,0
DA:34,0
DA:36,0
DA:37,0
DA:39,0
DA:40,0
DA:41,0
DA:42,0
DA:46,0
DA:49,0
DA:52,0
DA:53,0
DA:54,0
DA:56,0
DA:60,0
DA:61,0
DA:63,0
DA:74,0
DA:75,0
DA:77,0
DA:87,0
DA:107,0
DA:108,0
DA:113,0
DA:130,0
DA:160,0
DA:173,0
DA:189,0
DA:209,0
DA:210,0
DA:225,0
DA:237,0
DA:252,0
DA:258,0
DA:260,0
DA:297,0
DA:298,0
DA:299,0
DA:300,0
LF:40
LH:0
BRDA:84,0,0,0
BRDA:84,0,1,0
BRDA:125,1,0,0
BRDA:125,1,1,0
BRDA:140,2,0,0
BRDA:140,2,1,0
BRDA:170,3,0,0
BRDA:170,3,1,0
BRDA:174,4,0,0
BRDA:174,4,1,0
BRDA:180,5,0,0
BRDA:180,5,1,0
BRDA:190,6,0,0
BRDA:190,6,1,0
BRDA:196,7,0,0
BRDA:196,7,1,0
BRDA:212,8,0,0
BRDA:212,8,1,0
BRDA:239,9,0,0
BRDA:239,9,1,0
BRDA:255,10,0,0
BRDA:255,10,1,0
BRDA:298,11,0,0
BRDA:298,11,1,0
BRDA:299,12,0,0
BRDA:299,12,1,0
BRF:26
BRH:0
end_of_record
TN:
SF:app\onboarding\_layout.tsx
FN:9,OnboardingLayout
FNF:1
FNH:0
FNDA:0,OnboardingLayout
DA:10,0
LF:1
LH:0
BRF:0
BRH:0
end_of_record
TN:
SF:app\onboarding\date.tsx
FN:20,DateScreen
FN:30,(anonymous_1)
FN:38,(anonymous_2)
FN:48,(anonymous_3)
FN:53,(anonymous_4)
FN:64,(anonymous_5)
FN:75,(anonymous_6)
FN:128,(anonymous_7)
FN:197,(anonymous_8)
FNF:9
FNH:0
FNDA:0,DateScreen
FNDA:0,(anonymous_1)
FNDA:0,(anonymous_2)
FNDA:0,(anonymous_3)
FNDA:0,(anonymous_4)
FNDA:0,(anonymous_5)
FNDA:0,(anonymous_6)
FNDA:0,(anonymous_7)
FNDA:0,(anonymous_8)
DA:21,0
DA:23,0
DA:24,0
DA:25,0
DA:28,0
DA:30,0
DA:31,0
DA:38,0
DA:39,0
DA:40,0
DA:42,0
DA:43,0
DA:44,0
DA:48,0
DA:49,0
DA:50,0
DA:53,0
DA:55,0
DA:64,0
DA:65,0
DA:66,0
DA:67,0
DA:70,0
DA:76,0
DA:129,0
DA:130,0
DA:131,0
DA:197,0
LF:28
LH:0
BRDA:39,0,0,0
BRDA:39,0,1,0
BRDA:42,1,0,0
BRDA:42,1,1,0
BRDA:65,2,0,0
BRDA:65,2,1,0
BRDA:79,3,0,0
BRDA:79,3,1,0
BRDA:103,4,0,0
BRDA:103,4,1,0
BRDA:118,5,0,0
BRDA:118,5,1,0
BRDA:130,6,0,0
BRDA:130,6,1,0
BRDA:135,7,0,0
BRDA:135,7,1,0
BRDA:150,8,0,0
BRDA:150,8,1,0
BRDA:159,9,0,0
BRDA:159,9,1,0
BRDA:159,9,2,0
BRDA:159,9,3,0
BRDA:164,10,0,0
BRDA:164,10,1,0
BRDA:178,11,0,0
BRDA:178,11,1,0
BRDA:180,12,0,0
BRDA:180,12,1,0
BRDA:180,12,2,0
BRF:29
BRH:0
end_of_record
TN:
SF:app\onboarding\notifications.tsx
FN:33,NotificationsScreen
FN:52,(anonymous_1)
FN:60,(anonymous_2)
FN:75,(anonymous_3)
FN:112,(anonymous_4)
FN:161,(anonymous_5)
FN:164,(anonymous_6)
FN:228,(anonymous_7)
FNF:8
FNH:0
FNDA:0,NotificationsScreen
FNDA:0,(anonymous_1)
FNDA:0,(anonymous_2)
FNDA:0,(anonymous_3)
FNDA:0,(anonymous_4)
FNDA:0,(anonymous_5)
FNDA:0,(anonymous_6)
FNDA:0,(anonymous_7)
DA:26,0
DA:34,0
DA:35,0
DA:42,0
DA:43,0
DA:45,0
DA:46,0
DA:47,0
DA:50,0
DA:52,0
DA:53,0
DA:60,0
DA:61,0
DA:62,0
DA:63,0
DA:64,0
DA:69,0
DA:72,0
DA:75,0
DA:76,0
DA:78,0
DA:80,0
DA:81,0
DA:82,0
DA:84,0
DA:87,0
DA:93,0
DA:94,0
DA:98,0
DA:100,0
DA:101,0
DA:103,0
DA:107,0
DA:113,0
DA:162,0
DA:164,0
DA:228,0
LF:37
LH:0
BRDA:61,0,0,0
BRDA:61,0,1,0
BRDA:63,1,0,0
BRDA:63,1,1,0
BRDA:80,2,0,0
BRDA:80,2,1,0
BRDA:81,3,0,0
BRDA:81,3,1,0
BRDA:82,4,0,0
BRDA:82,4,1,0
BRDA:93,5,0,0
BRDA:93,5,1,0
BRDA:155,6,0,0
BRDA:155,6,1,0
BRDA:166,7,0,0
BRDA:166,7,1,0
BRDA:190,8,0,0
BRDA:190,8,1,0
BRDA:197,9,0,0
BRDA:197,9,1,0
BRDA:197,10,0,0
BRDA:197,10,1,0
BRDA:201,11,0,0
BRDA:201,11,1,0
BRDA:203,12,0,0
BRDA:203,12,1,0
BRDA:205,13,0,0
BRDA:205,13,1,0
BRDA:209,14,0,0
BRDA:209,14,1,0
BRDA:222,15,0,0
BRDA:222,15,1,0
BRF:32
BRH:0
end_of_record
TN:
SF:app\onboarding\program.tsx
FN:54,ProgramScreen
FN:67,(anonymous_1)
FN:75,(anonymous_2)
FN:94,(anonymous_3)
FN:118,(anonymous_4)
FN:121,(anonymous_5)
FN:179,(anonymous_6)
FNF:7
FNH:0
FNDA:0,ProgramScreen
FNDA:0,(anonymous_1)
FNDA:0,(anonymous_2)
FNDA:0,(anonymous_3)
FNDA:0,(anonymous_4)
FNDA:0,(anonymous_5)
FNDA:0,(anonymous_6)
DA:27,0
DA:55,0
DA:56,0
DA:61,0
DA:62,0
DA:65,0
DA:67,0
DA:68,0
DA:75,0
DA:76,0
DA:78,0
DA:89,0
DA:95,0
DA:119,0
DA:121,0
DA:179,0
LF:16
LH:0
BRDA:76,0,0,0
BRDA:76,0,1,0
BRDA:84,1,0,0
BRDA:84,1,1,0
BRDA:98,2,0,0
BRDA:98,2,1,0
BRDA:123,3,0,0
BRDA:123,3,1,0
BRDA:140,4,0,0
BRDA:140,4,1,0
BRF:10
BRH:0
end_of_record
TN:
SF:app\onboarding\welcome.tsx
FN:14,WelcomeScreen
FN:28,(anonymous_1)
FN:74,(anonymous_2)
FN:96,(anonymous_3)
FNF:4
FNH:0
FNDA:0,WelcomeScreen
FNDA:0,(anonymous_1)
FNDA:0,(anonymous_2)
FNDA:0,(anonymous_3)
DA:15,0
DA:17,0
DA:29,0
DA:75,0
DA:96,0
LF:5
LH:0
BRDA:31,0,0,0
BRDA:31,0,1,0
BRF:2
BRH:0
end_of_record
TN:
SF:app\prayers\_layout.tsx
FN:7,PrayersLayout
FNF:1
FNH:0
FNDA:0,PrayersLayout
DA:8,0
LF:1
LH:0
BRF:0
BRH:0
end_of_record
TN:
SF:app\prayers\index.tsx
FN:24,PrayerLibraryScreen
FN:41,(anonymous_1)
FN:58,(anonymous_2)
FN:83,(anonymous_3)
FN:97,(anonymous_4)
FN:117,(anonymous_5)
FN:134,(anonymous_6)
FN:137,(anonymous_7)
FN:159,(anonymous_8)
FN:162,(anonymous_9)
FN:178,(anonymous_10)
FNF:11
FNH:0
FNDA:0,PrayerLibraryScreen
FNDA:0,(anonymous_1)
FNDA:0,(anonymous_2)
FNDA:0,(anonymous_3)
FNDA:0,(anonymous_4)
FNDA:0,(anonymous_5)
FNDA:0,(anonymous_6)
FNDA:0,(anonymous_7)
FNDA:0,(anonymous_8)
FNDA:0,(anonymous_9)
FNDA:0,(anonymous_10)
DA:25,0
DA:26,0
DA:27,0
DA:29,0
DA:33,0
DA:36,0
DA:37,0
DA:41,0
DA:59,0
DA:83,0
DA:92,0
DA:97,0
DA:117,0
DA:135,0
DA:137,0
DA:160,0
DA:162,0
DA:178,0
LF:18
LH:0
BRDA:29,0,0,0
BRDA:29,0,1,0
BRDA:33,1,0,0
BRDA:33,1,1,0
BRDA:36,2,0,0
BRDA:36,2,1,0
BRDA:51,3,0,0
BRDA:51,3,1,0
BRDA:56,4,0,0
BRDA:56,4,1,0
BRDA:56,4,2,0
BRDA:83,5,0,0
BRDA:83,5,1,0
BRDA:119,6,0,0
BRDA:119,6,1,0
BRDA:126,7,0,0
BRDA:126,7,1,0
BRDA:139,8,0,0
BRDA:139,8,1,0
BRDA:147,9,0,0
BRDA:147,9,1,0
BRDA:181,10,0,0
BRDA:181,10,1,0
BRDA:181,10,2,0
BRF:24
BRH:0
end_of_record
TN:
SF:app\promises\_layout.tsx
FN:3,PromisesLayout
FNF:1
FNH:0
FNDA:0,PromisesLayout
DA:4,0
LF:1
LH:0
BRF:0
BRH:0
end_of_record
TN:
SF:app\promises\index.tsx
FN:23,PromisesScreen
FN:38,(anonymous_1)
FN:45,(anonymous_2)
FN:46,(anonymous_3)
FN:49,(anonymous_4)
FN:66,(anonymous_5)
FN:71,(anonymous_6)
FN:77,(anonymous_7)
FN:87,(anonymous_8)
FN:135,(anonymous_9)
FN:141,(anonymous_10)
FNF:11
FNH:0
FNDA:0,PromisesScreen
FNDA:0,(anonymous_1)
FNDA:0,(anonymous_2)
FNDA:0,(anonymous_3)
FNDA:0,(anonymous_4)
FNDA:0,(anonymous_5)
FNDA:0,(anonymous_6)
FNDA:0,(anonymous_7)
FNDA:0,(anonymous_8)
FNDA:0,(anonymous_9)
FNDA:0,(anonymous_10)
DA:24,0
DA:32,0
DA:34,0
DA:35,0
DA:36,0
DA:38,0
DA:39,0
DA:42,0
DA:43,0
DA:45,0
DA:46,0
DA:49,0
DA:50,0
DA:51,0
DA:52,0
DA:54,0
DA:55,0
DA:56,0
DA:57,0
DA:60,0
DA:62,0
DA:66,0
DA:67,0
DA:68,0
DA:71,0
DA:72,0
DA:73,0
DA:74,0
DA:77,0
DA:78,0
DA:79,0
DA:82,0
DA:87,0
DA:136,0
DA:138,0
DA:141,0
LF:36
LH:0
BRDA:46,0,0,0
BRDA:46,0,1,0
BRDA:56,1,0,0
BRDA:56,1,1,0
BRDA:67,2,0,0
BRDA:67,2,1,0
BRDA:72,3,0,0
BRDA:72,3,1,0
BRDA:72,4,0,0
BRDA:72,4,1,0
BRDA:145,5,0,0
BRDA:145,5,1,0
BRDA:146,6,0,0
BRDA:146,6,1,0
BRDA:150,7,0,0
BRDA:150,7,1,0
BRDA:154,8,0,0
BRDA:154,8,1,0
BRDA:162,9,0,0
BRDA:162,9,1,0
BRDA:168,10,0,0
BRDA:168,10,1,0
BRDA:198,11,0,0
BRDA:198,11,1,0
BRDA:231,12,0,0
BRDA:231,12,1,0
BRDA:231,13,0,0
BRDA:231,13,1,0
BRDA:238,14,0,0
BRDA:238,14,1,0
BRDA:238,15,0,0
BRDA:238,15,1,0
BRDA:242,16,0,0
BRDA:242,16,1,0
BRDA:242,16,2,0
BRDA:251,17,0,0
BRDA:251,17,1,0
BRDA:251,18,0,0
BRDA:251,18,1,0
BRDA:272,19,0,0
BRDA:272,19,1,0
BRF:41
BRH:0
end_of_record
TN:
SF:app\reading\_layout.tsx
FN:7,ReadingLayout
FNF:1
FNH:0
FNDA:0,ReadingLayout
DA:8,0
LF:1
LH:0
BRF:0
BRH:0
end_of_record
TN:
SF:app\reading\index.tsx
FN:19,ReadingScreen
FN:58,(anonymous_1)
FN:139,(anonymous_2)
FN:150,(anonymous_3)
FNF:4
FNH:0
FNDA:0,ReadingScreen
FNDA:0,(anonymous_1)
FNDA:0,(anonymous_2)
FNDA:0,(anonymous_3)
DA:20,0
DA:29,0
DA:31,0
DA:32,0
DA:39,0
DA:40,0
DA:53,0
DA:58,0
DA:139,0
DA:150,0
LF:10
LH:0
BRDA:31,0,0,0
BRDA:31,0,1,0
BRDA:39,1,0,0
BRDA:39,1,1,0
BRDA:76,2,0,0
BRDA:76,2,1,0
BRDA:128,3,0,0
BRDA:128,3,1,0
BRF:8
BRH:0
end_of_record
TN:
SF:app\reading\reflect.tsx
FN:23,ReflectScreen
FN:40,(anonymous_1)
FN:41,(anonymous_2)
FN:58,(anonymous_3)
FN:70,(anonymous_4)
FN:93,(anonymous_5)
FNF:6
FNH:0
FNDA:0,ReflectScreen
FNDA:0,(anonymous_1)
FNDA:0,(anonymous_2)
FNDA:0,(anonymous_3)
FNDA:0,(anonymous_4)
FNDA:0,(anonymous_5)
DA:24,0
DA:33,0
DA:35,0
DA:36,0
DA:37,0
DA:40,0
DA:41,0
DA:42,0
DA:43,0
DA:44,0
DA:45,0
DA:46,0
DA:48,0
DA:50,0
DA:55,0
DA:58,0
DA:59,0
DA:60,0
DA:61,0
DA:64,0
DA:65,0
DA:66,0
DA:67,0
DA:70,0
DA:73,0
DA:74,0
DA:76,0
DA:80,0
DA:81,0
DA:88,0
DA:93,0
LF:31
LH:0
BRDA:42,0,0,0
BRDA:42,0,1,0
BRDA:59,1,0,0
BRDA:59,1,1,0
BRDA:80,2,0,0
BRDA:80,2,1,0
BRDA:80,3,0,0
BRDA:80,3,1,0
BRDA:102,4,0,0
BRDA:102,4,1,0
BRDA:108,5,0,0
BRDA:108,5,1,0
BRDA:115,6,0,0
BRDA:115,6,1,0
BRDA:120,7,0,0
BRDA:120,7,1,0
BRDA:126,8,0,0
BRDA:126,8,1,0
BRDA:131,9,0,0
BRDA:131,9,1,0
BRDA:151,10,0,0
BRDA:151,10,1,0
BRDA:188,11,0,0
BRDA:188,11,1,0
BRF:24
BRH:0
end_of_record
TN:
SF:app\reading\readings\_layout.tsx
FN:3,ReadingsLayout
FNF:1
FNH:0
FNDA:0,ReadingsLayout
DA:4,0
LF:1
LH:0
BRF:0
BRH:0
end_of_record
TN:
SF:app\reading\readings\index.tsx
FN:25,ReadingsLibraryScreen
FN:45,(anonymous_1)
FN:76,(anonymous_2)
FN:104,(anonymous_3)
FN:125,(anonymous_4)
FN:146,(anonymous_5)
FN:165,(anonymous_6)
FN:168,(anonymous_7)
FN:190,(anonymous_8)
FN:193,(anonymous_9)
FN:214,(anonymous_10)
FNF:11
FNH:0
FNDA:0,ReadingsLibraryScreen
FNDA:0,(anonymous_1)
FNDA:0,(anonymous_2)
FNDA:0,(anonymous_3)
FNDA:0,(anonymous_4)
FNDA:0,(anonymous_5)
FNDA:0,(anonymous_6)
FNDA:0,(anonymous_7)
FNDA:0,(anonymous_8)
FNDA:0,(anonymous_9)
FNDA:0,(anonymous_10)
DA:26,0
DA:27,0
DA:28,0
DA:31,0
DA:37,0
DA:40,0
DA:41,0
DA:45,0
DA:76,0
DA:99,0
DA:104,0
DA:125,0
DA:146,0
DA:166,0
DA:168,0
DA:191,0
DA:193,0
DA:214,0
LF:18
LH:0
BRDA:31,0,0,0
BRDA:31,0,1,0
BRDA:33,1,0,0
BRDA:33,1,1,0
BRDA:37,2,0,0
BRDA:37,2,1,0
BRDA:40,3,0,0
BRDA:40,3,1,0
BRDA:55,4,0,0
BRDA:55,4,1,0
BRDA:76,5,0,0
BRDA:76,5,1,0
BRDA:82,6,0,0
BRDA:82,6,1,0
BRDA:127,7,0,0
BRDA:127,7,1,0
BRDA:135,8,0,0
BRDA:135,8,1,0
BRDA:148,9,0,0
BRDA:148,9,1,0
BRDA:155,10,0,0
BRDA:155,10,1,0
BRDA:170,11,0,0
BRDA:170,11,1,0
BRDA:178,12,0,0
BRDA:178,12,1,0
BRDA:204,13,0,0
BRDA:204,13,1,0
BRF:28
BRH:0
end_of_record
TN:
[...]
DA:114,0
DA:118,0
DA:119,0
DA:120,0
DA:122,0
DA:123,0
DA:125,0
DA:126,0
DA:131,0
DA:132,0
DA:134,0
DA:135,0
DA:140,0
DA:141,0
LF:41
LH:0
BRDA:69,0,0,0
BRDA:85,1,0,0
BRDA:85,1,1,0
BRF:3
BRH:0
end_of_record
TN:
SF:lib\store\regularMeetingStore.ts
FN:86,(anonymous_0)
FN:94,(anonymous_1)
FN:120,(anonymous_2)
FN:124,(anonymous_3)
FN:125,(anonymous_4)
FN:152,(anonymous_5)
FN:156,(anonymous_6)
FN:157,(anonymous_7)
FN:164,(anonymous_8)
FN:170,(anonymous_9)
FN:197,(anonymous_10)
FN:204,(anonymous_11)
FN:205,(anonymous_12)
FN:207,(anonymous_13)
FN:221,(anonymous_14)
FN:223,(anonymous_15)
FN:234,(anonymous_16)
FN:238,(anonymous_17)
FN:239,(anonymous_18)
FN:243,(anonymous_19)
FN:251,(anonymous_20)
FN:255,(anonymous_21)
FN:256,(anonymous_22)
FN:276,(anonymous_23)
FN:285,(anonymous_24)
FN:294,(anonymous_25)
FN:303,(anonymous_26)
FN:308,(anonymous_27)
FN:309,(anonymous_28)
FN:310,(anonymous_29)
FN:311,(anonymous_30)
FNF:31
FNH:0
FNDA:0,(anonymous_0)
FNDA:0,(anonymous_1)
FNDA:0,(anonymous_2)
FNDA:0,(anonymous_3)
FNDA:0,(anonymous_4)
FNDA:0,(anonymous_5)
FNDA:0,(anonymous_6)
FNDA:0,(anonymous_7)
FNDA:0,(anonymous_8)
FNDA:0,(anonymous_9)
FNDA:0,(anonymous_10)
FNDA:0,(anonymous_11)
FNDA:0,(anonymous_12)
FNDA:0,(anonymous_13)
FNDA:0,(anonymous_14)
FNDA:0,(anonymous_15)
FNDA:0,(anonymous_16)
FNDA:0,(anonymous_17)
FNDA:0,(anonymous_18)
FNDA:0,(anonymous_19)
FNDA:0,(anonymous_20)
FNDA:0,(anonymous_21)
FNDA:0,(anonymous_22)
FNDA:0,(anonymous_23)
FNDA:0,(anonymous_24)
FNDA:0,(anonymous_25)
FNDA:0,(anonymous_26)
FNDA:0,(anonymous_27)
FNDA:0,(anonymous_28)
FNDA:0,(anonymous_29)
FNDA:0,(anonymous_30)
DA:85,0
DA:86,0
DA:95,0
DA:96,0
DA:97,0
DA:104,0
DA:113,0
DA:115,0
DA:116,0
DA:121,0
DA:122,0
DA:124,0
DA:125,0
DA:126,0
DA:127,0
DA:130,0
DA:137,0
DA:138,0
DA:142,0
DA:143,0
DA:145,0
DA:147,0
DA:148,0
DA:153,0
DA:154,0
DA:156,0
DA:157,0
DA:158,0
DA:162,0
DA:163,0
DA:164,0
DA:165,0
DA:166,0
DA:169,0
DA:171,0
DA:172,0
DA:179,0
DA:180,0
DA:181,0
DA:182,0
DA:184,0
DA:189,0
DA:190,0
DA:192,0
DA:193,0
DA:198,0
DA:200,0
DA:202,0
DA:204,0
DA:205,0
DA:207,0
DA:212,0
DA:213,0
DA:216,0
DA:217,0
DA:222,0
DA:223,0
DA:224,0
DA:226,0
DA:227,0
DA:229,0
DA:230,0
DA:235,0
DA:236,0
DA:238,0
DA:239,0
DA:243,0
DA:246,0
DA:247,0
DA:252,0
DA:253,0
DA:255,0
DA:257,0
DA:262,0
DA:263,0
DA:264,0
DA:265,0
DA:267,0
DA:271,0
DA:272,0
DA:277,0
DA:278,0
DA:280,0
DA:281,0
DA:286,0
DA:287,0
DA:288,0
DA:290,0
DA:295,0
DA:296,0
DA:297,0
DA:299,0
DA:304,0
DA:308,0
DA:309,0
DA:310,0
DA:311,0
LF:97
LH:0
BRDA:126,0,0,0
BRDA:126,0,1,0
BRDA:132,1,0,0
BRDA:132,1,1,0
BRDA:137,2,0,0
BRDA:137,2,1,0
BRDA:158,3,0,0
BRDA:158,3,1,0
BRDA:163,4,0,0
BRDA:163,4,1,0
BRDA:164,5,0,0
BRDA:164,5,1,0
BRDA:165,6,0,0
BRDA:165,6,1,0
BRDA:165,7,0,0
BRDA:165,7,1,0
BRDA:171,8,0,0
BRDA:171,8,1,0
BRDA:180,9,0,0
BRDA:180,9,1,0
BRDA:181,10,0,0
BRDA:181,10,1,0
BRDA:206,11,0,0
BRDA:206,11,1,0
BRDA:208,12,0,0
BRDA:208,12,1,0
BRDA:212,13,0,0
BRDA:212,13,1,0
BRDA:224,14,0,0
BRDA:224,14,1,0
BRDA:243,15,0,0
BRDA:243,15,1,0
BRDA:257,16,0,0
BRDA:257,16,1,0
BRDA:263,17,0,0
BRDA:263,17,1,0
BRDA:264,18,0,0
BRDA:264,18,1,0
BRDA:276,19,0,0
BRF:39
BRH:0
end_of_record
TN:
SF:lib\store\rhythmStore.ts
FN:111,ensureTablesExist
FN:117,getTodayDateStr
FN:121,(anonymous_2)
FN:128,(anonymous_3)
FN:172,(anonymous_4)
FN:230,(anonymous_5)
FN:261,(anonymous_6)
FN:294,(anonymous_7)
FN:304,(anonymous_8)
FN:309,(anonymous_9)
FNF:10
FNH:0
FNDA:0,ensureTablesExist
FNDA:0,getTodayDateStr
FNDA:0,(anonymous_2)
FNDA:0,(anonymous_3)
FNDA:0,(anonymous_4)
FNDA:0,(anonymous_5)
FNDA:0,(anonymous_6)
FNDA:0,(anonymous_7)
FNDA:0,(anonymous_8)
FNDA:0,(anonymous_9)
DA:75,0
DA:112,0
DA:113,0
DA:118,0
DA:121,0
DA:129,0
DA:130,0
DA:131,0
DA:132,0
DA:133,0
DA:136,0
DA:147,0
DA:158,0
DA:171,0
DA:173,0
DA:174,0
DA:187,0
DA:201,0
DA:205,0
DA:218,0
DA:225,0
DA:226,0
DA:231,0
DA:232,0
DA:233,0
DA:234,0
DA:235,0
DA:236,0
DA:237,0
DA:240,0
DA:246,0
DA:254,0
DA:256,0
DA:257,0
DA:267,0
DA:268,0
DA:269,0
DA:270,0
DA:271,0
DA:272,0
DA:273,0
DA:276,0
DA:278,0
DA:284,0
DA:294,0
DA:299,0
DA:300,0
DA:306,0
DA:310,0
DA:311,0
DA:312,0
DA:313,0
DA:314,0
DA:315,0
DA:316,0
DA:319,0
DA:323,0
DA:339,0
DA:347,0
DA:349,0
DA:350,0
LF:61
LH:0
BRDA:147,0,0,0
BRDA:147,0,1,0
BRDA:173,1,0,0
BRDA:173,1,1,0
BRDA:180,2,0,0
BRDA:180,2,1,0
BRDA:201,3,0,0
BRDA:201,3,1,0
BRDA:205,4,0,0
BRDA:205,4,1,0
BRDA:213,5,0,0
BRDA:213,5,1,0
BRDA:230,6,0,0
BRDA:243,7,0,0
BRDA:243,7,1,0
BRDA:276,8,0,0
BRDA:276,8,1,0
BRDA:290,9,0,0
BRDA:290,9,1,0
BRDA:319,10,0,0
BRDA:319,10,1,0
BRDA:331,11,0,0
BRDA:331,11,1,0
BRDA:332,12,0,0
BRDA:332,12,1,0
BRDA:333,13,0,0
BRDA:333,13,1,0
BRDA:343,14,0,0
BRDA:343,14,1,0
BRF:29
BRH:0
end_of_record
TN:
SF:lib\store\scenarioStore.ts
FN:25,generateId
FN:29,dbToPractice
FN:39,(anonymous_2)
FN:44,(anonymous_3)
FN:68,(anonymous_4)
FN:92,(anonymous_5)
FN:103,(anonymous_6)
FN:104,(anonymous_7)
FN:107,(anonymous_8)
FN:111,(anonymous_9)
FN:115,(anonymous_10)
FN:122,(anonymous_11)
FNF:12
FNH:0
FNDA:0,generateId
FNDA:0,dbToPractice
FNDA:0,(anonymous_2)
FNDA:0,(anonymous_3)
FNDA:0,(anonymous_4)
FNDA:0,(anonymous_5)
FNDA:0,(anonymous_6)
FNDA:0,(anonymous_7)
FNDA:0,(anonymous_8)
FNDA:0,(anonymous_9)
FNDA:0,(anonymous_10)
FNDA:0,(anonymous_11)
DA:26,0
DA:30,0
DA:39,0
DA:45,0
DA:46,0
DA:47,0
DA:48,0
DA:52,0
DA:53,0
DA:54,0
DA:55,0
DA:57,0
DA:61,0
DA:63,0
DA:64,0
DA:69,0
DA:70,0
DA:72,0
DA:73,0
DA:74,0
DA:78,0
DA:84,0
DA:92,0
DA:96,0
DA:98,0
DA:99,0
DA:104,0
DA:108,0
DA:112,0
DA:116,0
DA:117,0
DA:122,0
DA:124,0
DA:127,0
LF:34
LH:0
BRDA:34,0,0,0
BRDA:34,0,1,0
BRDA:74,1,0,0
BRDA:74,1,1,0
BRDA:111,2,0,0
BRDA:117,3,0,0
BRDA:117,3,1,0
BRDA:124,4,0,0
BRDA:124,4,1,0
BRF:9
BRH:0
end_of_record
TN:
SF:lib\store\settingsStore.ts
FN:31,(anonymous_0)
FN:36,(anonymous_1)
FN:58,(anonymous_2)
FN:81,(anonymous_3)
FN:85,(anonymous_4)
FN:89,(anonymous_5)
FN:93,(anonymous_6)
FN:97,(anonymous_7)
FN:108,(anonymous_8)
FNF:9
FNH:0
FNDA:0,(anonymous_0)
FNDA:0,(anonymous_1)
FNDA:0,(anonymous_2)
FNDA:0,(anonymous_3)
FNDA:0,(anonymous_4)
FNDA:0,(anonymous_5)
FNDA:0,(anonymous_6)
FNDA:0,(anonymous_7)
FNDA:0,(anonymous_8)
DA:31,0
DA:37,0
DA:38,0
DA:39,0
DA:42,0
DA:43,0
DA:52,0
DA:54,0
DA:59,0
DA:60,0
DA:61,0
DA:62,0
DA:63,0
DA:66,0
DA:67,0
DA:68,0
DA:70,0
DA:71,0
DA:73,0
DA:77,0
DA:82,0
DA:86,0
DA:90,0
DA:94,0
DA:98,0
DA:99,0
DA:100,0
DA:101,0
DA:104,0
DA:105,0
DA:109,0
LF:31
LH:0
BRDA:42,0,0,0
BRDA:42,0,1,0
BRDA:66,1,0,0
BRDA:66,1,1,0
BRDA:66,2,0,0
BRDA:66,2,1,0
BRDA:67,3,0,0
BRDA:67,3,1,0
BRDA:68,4,0,0
BRDA:68,4,1,0
BRDA:70,5,0,0
BRDA:70,5,1,0
BRDA:98,6,0,0
BRDA:98,6,1,0
BRDA:100,7,0,0
BRDA:100,7,1,0
BRF:16
BRH:0
end_of_record
TN:
SF:lib\store\sharePrepStore.ts
FN:13,(anonymous_0)
FN:16,(anonymous_1)
FN:19,(anonymous_2)
FN:56,(anonymous_3)
FN:60,(anonymous_4)
FN:61,(anonymous_5)
FN:70,(anonymous_6)
FN:74,(anonymous_7)
FN:85,(anonymous_8)
FN:100,(anonymous_9)
FN:101,(anonymous_10)
FNF:11
FNH:0
FNDA:0,(anonymous_0)
FNDA:0,(anonymous_1)
FNDA:0,(anonymous_2)
FNDA:0,(anonymous_3)
FNDA:0,(anonymous_4)
FNDA:0,(anonymous_5)
FNDA:0,(anonymous_6)
FNDA:0,(anonymous_7)
FNDA:0,(anonymous_8)
FNDA:0,(anonymous_9)
FNDA:0,(anonymous_10)
DA:12,0
DA:14,0
DA:17,0
DA:20,0
DA:45,0
DA:54,0
DA:56,0
DA:61,0
DA:71,0
DA:75,0
DA:76,0
DA:86,0
DA:87,0
DA:89,0
DA:90,0
DA:91,0
DA:92,0
DA:93,0
DA:95,0
DA:100,0
DA:101,0
LF:21
LH:0
BRDA:77,0,0,0
BRDA:77,0,1,0
BRDA:77,0,2,0
BRDA:77,0,3,0
BRDA:77,0,4,0
BRDA:89,1,0,0
BRDA:89,1,1,0
BRDA:90,2,0,0
BRDA:90,2,1,0
BRDA:91,3,0,0
BRDA:91,3,1,0
BRDA:92,4,0,0
BRDA:92,4,1,0
BRDA:93,5,0,0
BRDA:93,5,1,0
BRF:15
BRH:0
end_of_record
TN:
SF:lib\store\stepWorkStore.ts
FN:38,(anonymous_0)
FN:47,(anonymous_1)
FN:79,(anonymous_2)
FN:88,(anonymous_3)
FN:117,(anonymous_4)
FN:125,(anonymous_5)
FN:135,(anonymous_6)
FN:137,(anonymous_7)
FN:149,(anonymous_8)
FN:168,(anonymous_9)
FN:169,(anonymous_10)
FN:194,(anonymous_11)
FN:208,(anonymous_12)
FN:242,(anonymous_13)
FN:258,(anonymous_14)
FN:275,(anonymous_15)
FN:276,(anonymous_16)
FN:282,(anonymous_17)
FN:284,(anonymous_18)
FN:291,(anonymous_19)
FN:306,(anonymous_20)
FN:318,(anonymous_21)
FNF:22
FNH:0
FNDA:0,(anonymous_0)
FNDA:0,(anonymous_1)
FNDA:0,(anonymous_2)
FNDA:0,(anonymous_3)
FNDA:0,(anonymous_4)
FNDA:0,(anonymous_5)
FNDA:0,(anonymous_6)
FNDA:0,(anonymous_7)
FNDA:0,(anonymous_8)
FNDA:0,(anonymous_9)
FNDA:0,(anonymous_10)
FNDA:0,(anonymous_11)
FNDA:0,(anonymous_12)
FNDA:0,(anonymous_13)
FNDA:0,(anonymous_14)
FNDA:0,(anonymous_15)
FNDA:0,(anonymous_16)
FNDA:0,(anonymous_17)
FNDA:0,(anonymous_18)
FNDA:0,(anonymous_19)
FNDA:0,(anonymous_20)
FNDA:0,(anonymous_21)
DA:38,0
DA:48,0
DA:49,0
DA:51,0
DA:52,0
DA:57,0
DA:58,0
DA:60,0
DA:62,0
DA:73,0
DA:80,0
DA:82,0
DA:83,0
DA:84,0
DA:88,0
DA:102,0
DA:103,0
DA:104,0
DA:107,0
DA:109,0
DA:110,0
DA:118,0
DA:119,0
DA:120,0
DA:125,0
DA:135,0
DA:137,0
DA:142,0
DA:150,0
DA:151,0
DA:152,0
DA:154,0
DA:156,0
DA:161,0
DA:163,0
DA:168,0
DA:170,0
DA:177,0
DA:178,0
DA:185,0
DA:194,0
DA:198,0
DA:200,0
DA:201,0
DA:209,0
DA:210,0
DA:212,0
DA:217,0
DA:219,0
DA:223,0
DA:224,0
DA:228,0
DA:229,0
DA:232,0
DA:233,0
DA:241,0
DA:242,0
DA:244,0
DA:246,0
DA:252,0
DA:259,0
DA:260,0
DA:262,0
DA:269,0
DA:276,0
DA:283,0
DA:284,0
DA:292,0
DA:293,0
DA:295,0
DA:296,0
DA:298,0
DA:299,0
DA:307,0
DA:308,0
DA:311,0
DA:315,0
DA:318,0
DA:319,0
DA:323,0
DA:324,0
DA:326,0
DA:327,0
DA:328,0
DA:329,0
DA:330,0
DA:331,0
DA:333,0
DA:337,0
DA:347,0
DA:348,0
DA:356,0
LF:92
LH:0
BRDA:57,0,0,0
BRDA:57,0,1,0
BRDA:60,1,0,0
BRDA:60,1,1,0
BRDA:94,2,0,0
BRDA:94,2,1,0
BRDA:95,3,0,0
BRDA:95,3,1,0
BRDA:96,4,0,0
BRDA:96,4,1,0
BRDA:102,5,0,0
BRDA:102,5,1,0
BRDA:161,6,0,0
BRDA:161,6,1,0
BRDA:170,7,0,0
BRDA:170,7,1,0
BRDA:217,8,0,0
BRDA:217,8,1,0
BRDA:217,9,0,0
BRDA:217,9,1,0
BRDA:223,10,0,0
BRDA:223,10,1,0
BRDA:228,11,0,0
BRDA:228,11,1,0
BRDA:232,12,0,0
BRDA:232,12,1,0
BRDA:284,13,0,0
BRDA:284,13,1,0
BRDA:293,14,0,0
BRDA:293,14,1,0
BRDA:315,15,0,0
BRDA:315,15,1,0
BRDA:319,16,0,0
BRDA:319,16,1,0
BRDA:324,17,0,0
BRDA:324,17,1,0
BRDA:326,18,0,0
BRDA:326,18,1,0
BRDA:327,19,0,0
BRDA:327,19,1,0
BRDA:328,20,0,0
BRDA:328,20,1,0
BRDA:330,21,0,0
BRDA:330,21,1,0
BRDA:333,22,0,0
BRDA:333,22,1,0
BRDA:340,23,0,0
BRDA:340,23,1,0
BRDA:340,24,0,0
BRDA:340,24,1,0
BRDA:341,25,0,0
BRDA:341,25,1,0
BRDA:341,26,0,0
BRDA:341,26,1,0
BRDA:341,26,2,0
BRDA:347,27,0,0
BRDA:347,27,1,0
BRDA:347,28,0,0
BRDA:347,28,1,0
BRF:59
BRH:0
end_of_record
TN:
SF:lib\store\tenthStepStore.ts
FN:62,getDateString
FN:66,(anonymous_1)
FN:75,(anonymous_2)
FN:84,(anonymous_3)
FN:108,(anonymous_4)
FN:118,(anonymous_5)
FN:142,(anonymous_6)
FN:144,(anonymous_7)
FN:150,(anonymous_8)
FN:165,(anonymous_9)
FN:212,(anonymous_10)
FN:223,(anonymous_11)
FN:273,(anonymous_12)
FN:278,(anonymous_13)
FN:279,(anonymous_14)
FN:287,(anonymous_15)
FN:288,(anonymous_16)
FN:313,(anonymous_17)
FN:354,(anonymous_18)
FNF:19
FNH:0
FNDA:0,getDateString
FNDA:0,(anonymous_1)
FNDA:0,(anonymous_2)
FNDA:0,(anonymous_3)
FNDA:0,(anonymous_4)
FNDA:0,(anonymous_5)
FNDA:0,(anonymous_6)
FNDA:0,(anonymous_7)
FNDA:0,(anonymous_8)
FNDA:0,(anonymous_9)
FNDA:0,(anonymous_10)
FNDA:0,(anonymous_11)
FNDA:0,(anonymous_12)
FNDA:0,(anonymous_13)
FNDA:0,(anonymous_14)
FNDA:0,(anonymous_15)
FNDA:0,(anonymous_16)
FNDA:0,(anonymous_17)
FNDA:0,(anonymous_18)
DA:63,0
DA:66,0
DA:76,0
DA:78,0
DA:79,0
DA:80,0
DA:84,0
DA:97,0
DA:98,0
DA:100,0
DA:101,0
DA:109,0
DA:111,0
DA:112,0
DA:113,0
DA:118,0
DA:131,0
DA:132,0
DA:134,0
DA:135,0
DA:143,0
DA:144,0
DA:151,0
DA:152,0
DA:153,0
DA:154,0
DA:157,0
DA:162,0
DA:164,0
DA:165,0
DA:169,0
DA:179,0
DA:198,0
DA:211,0
DA:212,0
DA:217,0
DA:224,0
DA:226,0
DA:227,0
DA:229,0
DA:230,0
DA:231,0
DA:233,0
DA:234,0
DA:235,0
DA:237,0
DA:238,0
DA:239,0
DA:241,0
DA:242,0
DA:243,0
DA:245,0
DA:246,0
DA:247,0
DA:249,0
DA:250,0
DA:251,0
DA:253,0
DA:254,0
DA:255,0
DA:258,0
DA:260,0
DA:261,0
DA:267,0
DA:274,0
DA:275,0
DA:277,0
DA:278,0
DA:279,0
DA:288,0
DA:289,0
DA:291,0
DA:292,0
DA:305,0
DA:306,0
DA:314,0
DA:315,0
DA:319,0
DA:321,0
DA:322,0
DA:323,0
DA:325,0
DA:326,0
DA:327,0
DA:329,0
DA:330,0
DA:332,0
DA:333,0
DA:334,0
DA:336,0
DA:337,0
DA:338,0
DA:339,0
DA:341,0
DA:344,0
DA:348,0
DA:355,0
LF:97
LH:0
BRDA:87,0,0,0
BRDA:87,0,1,0
BRDA:88,1,0,0
BRDA:88,1,1,0
BRDA:89,2,0,0
BRDA:89,2,1,0
BRDA:90,3,0,0
BRDA:90,3,1,0
BRDA:91,4,0,0
BRDA:91,4,1,0
BRDA:92,5,0,0
BRDA:92,5,1,0
BRDA:93,6,0,0
BRDA:93,6,1,0
BRDA:108,7,0,0
BRDA:121,8,0,0
BRDA:121,8,1,0
BRDA:122,9,0,0
BRDA:122,9,1,0
BRDA:123,10,0,0
BRDA:123,10,1,0
BRDA:124,11,0,0
BRDA:124,11,1,0
BRDA:125,12,0,0
BRDA:125,12,1,0
BRDA:126,13,0,0
BRDA:126,13,1,0
BRDA:127,14,0,0
BRDA:127,14,1,0
BRDA:162,15,0,0
BRDA:162,15,1,0
BRDA:170,16,0,0
BRDA:170,16,1,0
BRDA:171,17,0,0
BRDA:171,17,1,0
BRDA:172,18,0,0
BRDA:172,18,1,0
BRDA:173,19,0,0
BRDA:173,19,1,0
BRDA:174,20,0,0
BRDA:174,20,1,0
BRDA:175,21,0,0
BRDA:175,21,1,0
BRDA:176,22,0,0
BRDA:176,22,1,0
BRDA:201,23,0,0
BRDA:201,23,1,0
BRDA:202,24,0,0
BRDA:202,24,1,0
BRDA:203,25,0,0
BRDA:203,25,1,0
BRDA:204,26,0,0
BRDA:204,26,1,0
BRDA:205,27,0,0
BRDA:205,27,1,0
BRDA:206,28,0,0
BRDA:206,28,1,0
BRDA:207,29,0,0
BRDA:207,29,1,0
BRDA:229,30,0,0
BRDA:229,30,1,0
BRDA:231,31,0,0
BRDA:231,31,1,0
BRDA:233,32,0,0
BRDA:233,32,1,0
BRDA:235,33,0,0
BRDA:235,33,1,0
BRDA:237,34,0,0
BRDA:237,34,1,0
BRDA:239,35,0,0
BRDA:239,35,1,0
BRDA:241,36,0,0
BRDA:241,36,1,0
BRDA:243,37,0,0
BRDA:243,37,1,0
BRDA:245,38,0,0
BRDA:245,38,1,0
BRDA:247,39,0,0
BRDA:247,39,1,0
BRDA:249,40,0,0
BRDA:249,40,1,0
BRDA:251,41,0,0
BRDA:251,41,1,0
BRDA:253,42,0,0
BRDA:253,42,1,0
BRDA:255,43,0,0
BRDA:255,43,1,0
BRDA:258,44,0,0
BRDA:258,44,1,0
BRDA:289,45,0,0
BRDA:289,45,1,0
BRDA:295,46,0,0
BRDA:295,46,1,0
BRDA:296,47,0,0
BRDA:296,47,1,0
BRDA:297,48,0,0
BRDA:297,48,1,0
BRDA:298,49,0,0
BRDA:298,49,1,0
BRDA:299,50,0,0
BRDA:299,50,1,0
BRDA:300,51,0,0
BRDA:300,51,1,0
BRDA:301,52,0,0
BRDA:301,52,1,0
BRDA:319,53,0,0
BRDA:319,53,1,0
BRDA:332,54,0,0
BRDA:332,54,1,0
BRDA:334,55,0,0
BRDA:334,55,1,0
BRDA:338,56,0,0
BRDA:338,56,1,0
BRF:113
BRH:0
end_of_record
TN:
SF:lib\store\vaultStore.ts
FN:31,generateId
FN:35,dbToVaultItem
FN:50,(anonymous_2)
FN:56,(anonymous_3)
FN:60,(anonymous_4)
FN:64,(anonymous_5)
FN:89,(anonymous_6)
FN:115,(anonymous_7)
FN:126,(anonymous_8)
FN:131,(anonymous_9)
FN:153,(anonymous_10)
FN:154,(anonymous_11)
FN:170,(anonymous_12)
FN:175,(anonymous_13)
FN:176,(anonymous_14)
FN:184,(anonymous_15)
FN:185,(anonymous_16)
FN:191,(anonymous_17)
FN:201,(anonymous_18)
FN:202,(anonymous_19)
FN:217,(anonymous_20)
FN:230,(anonymous_21)
FN:235,(anonymous_22)
FN:242,(anonymous_23)
FN:243,(anonymous_24)
FNF:25
FNH:0
FNDA:0,generateId
FNDA:0,dbToVaultItem
FNDA:0,(anonymous_2)
FNDA:0,(anonymous_3)
FNDA:0,(anonymous_4)
FNDA:0,(anonymous_5)
FNDA:0,(anonymous_6)
FNDA:0,(anonymous_7)
FNDA:0,(anonymous_8)
FNDA:0,(anonymous_9)
FNDA:0,(anonymous_10)
FNDA:0,(anonymous_11)
FNDA:0,(anonymous_12)
FNDA:0,(anonymous_13)
FNDA:0,(anonymous_14)
FNDA:0,(anonymous_15)
FNDA:0,(anonymous_16)
FNDA:0,(anonymous_17)
FNDA:0,(anonymous_18)
FNDA:0,(anonymous_19)
FNDA:0,(anonymous_20)
FNDA:0,(anonymous_21)
FNDA:0,(anonymous_22)
FNDA:0,(anonymous_23)
FNDA:0,(anonymous_24)
DA:32,0
DA:36,0
DA:50,0
DA:57,0
DA:61,0
DA:65,0
DA:66,0
DA:67,0
DA:68,0
DA:72,0
DA:73,0
DA:74,0
DA:75,0
DA:76,0
DA:78,0
DA:82,0
DA:84,0
DA:85,0
DA:90,0
DA:91,0
DA:93,0
DA:94,0
DA:95,0
DA:97,0
DA:103,0
DA:115,0
DA:119,0
DA:121,0
DA:122,0
DA:127,0
DA:129,0
DA:130,0
DA:131,0
DA:132,0
DA:134,0
DA:138,0
DA:153,0
DA:155,0
DA:165,0
DA:166,0
DA:171,0
DA:172,0
DA:173,0
DA:175,0
DA:176,0
DA:179,0
DA:180,0
DA:185,0
DA:186,0
DA:188,0
DA:192,0
DA:194,0
DA:195,0
DA:196,0
DA:201,0
DA:203,0
DA:213,0
DA:218,0
DA:219,0
DA:224,0
DA:226,0
DA:227,0
DA:231,0
DA:232,0
DA:235,0
DA:236,0
DA:238,0
DA:239,0
DA:243,0
LF:69
LH:0
BRDA:41,0,0,0
BRDA:41,0,1,0
BRDA:44,1,0,0
BRDA:44,1,1,0
BRDA:100,2,0,0
BRDA:100,2,1,0
BRDA:100,3,0,0
BRDA:100,3,1,0
BRDA:132,4,0,0
BRDA:132,4,1,0
BRDA:134,5,0,0
BRDA:134,5,1,0
BRDA:143,6,0,0
BRDA:143,6,1,0
BRDA:144,7,0,0
BRDA:144,7,1,0
BRDA:146,8,0,0
BRDA:146,8,1,0
BRDA:146,9,0,0
BRDA:146,9,1,0
BRDA:147,10,0,0
BRDA:147,10,1,0
BRDA:147,11,0,0
BRDA:147,11,1,0
BRDA:155,12,0,0
BRDA:155,12,1,0
BRDA:186,13,0,0
BRDA:186,13,1,0
BRDA:203,14,0,0
BRDA:203,14,1,0
BRDA:224,15,0,0
BRDA:224,15,1,0
BRDA:232,16,0,0
BRDA:232,16,1,0
BRDA:236,17,0,0
BRDA:236,17,1,0
BRF:36
BRH:0
end_of_record
TN:
SF:lib\utils\index.ts
FNF:0
FNH:0
LF:0
LH:0
BRF:0
BRH:0
end_of_record
TN:
SF:lib\utils\performance.ts
FN:17,useDebounce
FN:25,(anonymous_1)
FN:30,(anonymous_2)
FN:34,(anonymous_3)
FN:46,useThrottle
FN:53,(anonymous_5)
FN:58,(anonymous_6)
FN:71,memoize
FN:77,(anonymous_8)
FN:101,useLazyLoad
FN:109,(anonymous_10)
FN:122,(anonymous_11)
FN:133,getOptimalBatchSize
FN:145,getWindowSize
FN:158,createKeyExtractor
FN:161,(anonymous_15)
FN:171,formatDateCached
FN:218,batchDatabaseOperations
FN:226,(anonymous_18)
FN:236,preloadImages
FN:240,(anonymous_20)
FN:241,(anonymous_21)
FN:252,measurePerformance
FN:271,measurePerformanceAsync
FN:292,isLowMemory
FN:300,getAdaptiveQuality
FNF:26
FNH:0
FNDA:0,useDebounce
FNDA:0,(anonymous_1)
FNDA:0,(anonymous_2)
FNDA:0,(anonymous_3)
FNDA:0,useThrottle
FNDA:0,(anonymous_5)
FNDA:0,(anonymous_6)
FNDA:0,memoize
FNDA:0,(anonymous_8)
FNDA:0,useLazyLoad
FNDA:0,(anonymous_10)
FNDA:0,(anonymous_11)
FNDA:0,getOptimalBatchSize
FNDA:0,getWindowSize
FNDA:0,createKeyExtractor
FNDA:0,(anonymous_15)
FNDA:0,formatDateCached
FNDA:0,batchDatabaseOperations
FNDA:0,(anonymous_18)
FNDA:0,preloadImages
FNDA:0,(anonymous_20)
FNDA:0,(anonymous_21)
FNDA:0,measurePerformance
FNDA:0,measurePerformanceAsync
FNDA:0,isLowMemory
FNDA:0,getAdaptiveQuality
DA:21,0
DA:22,0
DA:25,0
DA:26,0
DA:29,0
DA:31,0
DA:32,0
DA:34,0
DA:35,0
DA:50,0
DA:51,0
DA:53,0
DA:54,0
DA:57,0
DA:59,0
DA:60,0
DA:61,0
DA:75,0
DA:77,0
DA:78,0
DA:80,0
DA:81,0
DA:84,0
DA:87,0
DA:88,0
DA:89,0
DA:92,0
DA:93,0
DA:105,0
DA:106,0
DA:107,0
DA:109,0
DA:110,0
DA:111,0
DA:112,0
DA:113,0
DA:114,0
DA:116,0
DA:118,0
DA:122,0
DA:123,0
DA:126,0
DA:138,0
DA:139,0
DA:150,0
DA:151,0
DA:161,0
DA:162,0
DA:169,0
DA:175,0
DA:176,0
DA:178,0
DA:179,0
DA:183,0
DA:185,0
DA:189,0
DA:191,0
DA:197,0
DA:199,0
DA:203,0
DA:207,0
DA:208,0
DA:211,0
DA:212,0
DA:222,0
DA:224,0
DA:225,0
DA:226,0
DA:227,0
DA:230,0
DA:239,0
DA:241,0
DA:243,0
DA:256,0
DA:257,0
DA:258,0
DA:260,0
DA:262,0
DA:265,0
DA:275,0
DA:276,0
DA:277,0
DA:279,0
DA:281,0
DA:284,0
DA:294,0
DA:301,0
DA:302,0
DA:305,0
LF:89
LH:0
BRDA:31,0,0,0
BRDA:31,0,1,0
BRDA:59,1,0,0
BRDA:59,1,1,0
BRDA:73,2,0,0
BRDA:80,3,0,0
BRDA:80,3,1,0
BRDA:87,4,0,0
BRDA:87,4,1,0
BRDA:89,5,0,0
BRDA:89,5,1,0
BRDA:103,6,0,0
BRDA:159,7,0,0
BRDA:162,8,0,0
BRDA:162,8,1,0
BRDA:173,9,0,0
BRDA:175,10,0,0
BRDA:175,10,1,0
BRDA:178,11,0,0
BRDA:178,11,1,0
BRDA:183,12,0,0
BRDA:183,12,1,0
BRDA:183,12,2,0
BRDA:207,13,0,0
BRDA:207,13,1,0
BRDA:220,14,0,0
BRDA:260,15,0,0
BRDA:260,15,1,0
BRDA:260,16,0,0
BRDA:260,16,1,0
BRDA:279,17,0,0
BRDA:279,17,1,0
BRDA:279,18,0,0
BRDA:279,18,1,0
BRDA:301,19,0,0
BRDA:301,19,1,0
BRF:36
BRH:0
end_of_record
TN:
SF:lib\utils\sms.ts
FN:28,isSMSAvailable
FN:43,sendSMS
FN:83,sendSMSViaLinking
FN:128,sendSOSMessage
FN:135,(anonymous_4)
FN:143,(anonymous_5)
FN:147,(anonymous_6)
FN:167,quickSendSOS
FN:177,makePhoneCall
FN:202,openMessagingApp
FNF:10
FNH:0
FNDA:0,isSMSAvailable
FNDA:0,sendSMS
FNDA:0,sendSMSViaLinking
FNDA:0,sendSOSMessage
FNDA:0,(anonymous_4)
FNDA:0,(anonymous_5)
FNDA:0,(anonymous_6)
FNDA:0,quickSendSOS
FNDA:0,makePhoneCall
FNDA:0,openMessagingApp
DA:10,0
DA:13,0
DA:29,0
DA:30,0
DA:32,0
DA:33,0
DA:47,0
DA:49,0
DA:51,0
DA:53,0
DA:57,0
DA:60,0
DA:65,0
DA:68,0
DA:69,0
DA:71,0
DA:87,0
DA:89,0
DA:92,0
DA:95,0
DA:101,0
DA:103,0
DA:104,0
DA:110,0
DA:114,0
DA:116,0
DA:117,0
DA:133,0
DA:135,0
DA:136,0
DA:143,0
DA:148,0
DA:150,0
DA:151,0
DA:152,0
DA:153,0
DA:156,0
DA:170,0
DA:178,0
DA:180,0
DA:181,0
DA:183,0
DA:185,0
DA:186,0
DA:187,0
DA:190,0
DA:191,0
DA:193,0
DA:194,0
DA:195,0
DA:203,0
DA:204,0
DA:205,0
DA:207,0
DA:209,0
DA:210,0
DA:213,0
DA:214,0
DA:216,0
DA:217,0
LF:60
LH:0
BRDA:51,0,0,0
BRDA:51,0,1,0
BRDA:62,1,0,0
BRDA:62,1,1,0
BRDA:103,2,0,0
BRDA:103,2,1,0
BRDA:133,3,0,0
BRDA:133,3,1,0
BRDA:150,4,0,0
BRDA:150,4,1,0
BRDA:152,5,0,0
BRDA:152,5,1,0
BRDA:152,6,0,0
BRDA:152,6,1,0
BRDA:185,7,0,0
BRDA:185,7,1,0
BRDA:205,8,0,0
BRDA:205,8,1,0
BRDA:209,9,0,0
BRDA:209,9,1,0
BRF:20
BRH:0
end_of_record
